11-Mar-2024 15:44:30.737 INFO [main] org.apache.catalina.startup.VersionLoggerListener.log Server version name:   Apache Tomcat/10.1.19
11-Mar-2024 15:44:30.741 INFO [main] org.apache.catalina.startup.VersionLoggerListener.log Server built:          Feb 14 2024 19:36:50 UTC
11-Mar-2024 15:44:30.742 INFO [main] org.apache.catalina.startup.VersionLoggerListener.log Server version number: 10.1.19.0
11-Mar-2024 15:44:30.742 INFO [main] org.apache.catalina.startup.VersionLoggerListener.log OS Name:               Windows 11
11-Mar-2024 15:44:30.742 INFO [main] org.apache.catalina.startup.VersionLoggerListener.log OS Version:            10.0
11-Mar-2024 15:44:30.742 INFO [main] org.apache.catalina.startup.VersionLoggerListener.log Architecture:          amd64
11-Mar-2024 15:44:30.743 INFO [main] org.apache.catalina.startup.VersionLoggerListener.log Java Home:             C:\Program Files\Java\jdk-17
11-Mar-2024 15:44:30.743 INFO [main] org.apache.catalina.startup.VersionLoggerListener.log JVM Version:           17.0.10+11-LTS-240
11-Mar-2024 15:44:30.743 INFO [main] org.apache.catalina.startup.VersionLoggerListener.log JVM Vendor:            Oracle Corporation
11-Mar-2024 15:44:30.743 INFO [main] org.apache.catalina.startup.VersionLoggerListener.log CATALINA_BASE:         C:\dev\dbProject\apache-tomcat
11-Mar-2024 15:44:30.743 INFO [main] org.apache.catalina.startup.VersionLoggerListener.log CATALINA_HOME:         C:\dev\dbProject\apache-tomcat
11-Mar-2024 15:44:30.757 INFO [main] org.apache.catalina.startup.VersionLoggerListener.log Command line argument: -Djava.util.logging.config.file=C:\dev\dbProject\apache-tomcat\conf\logging.properties
11-Mar-2024 15:44:30.758 INFO [main] org.apache.catalina.startup.VersionLoggerListener.log Command line argument: -Djava.util.logging.manager=org.apache.juli.ClassLoaderLogManager
11-Mar-2024 15:44:30.758 INFO [main] org.apache.catalina.startup.VersionLoggerListener.log Command line argument: -Djdk.tls.ephemeralDHKeySize=2048
11-Mar-2024 15:44:30.758 INFO [main] org.apache.catalina.startup.VersionLoggerListener.log Command line argument: -Djava.protocol.handler.pkgs=org.apache.catalina.webresources
11-Mar-2024 15:44:30.758 INFO [main] org.apache.catalina.startup.VersionLoggerListener.log Command line argument: --add-opens=java.base/java.lang=ALL-UNNAMED
11-Mar-2024 15:44:30.758 INFO [main] org.apache.catalina.startup.VersionLoggerListener.log Command line argument: --add-opens=java.base/java.io=ALL-UNNAMED
11-Mar-2024 15:44:30.758 INFO [main] org.apache.catalina.startup.VersionLoggerListener.log Command line argument: --add-opens=java.base/java.util=ALL-UNNAMED
11-Mar-2024 15:44:30.759 INFO [main] org.apache.catalina.startup.VersionLoggerListener.log Command line argument: --add-opens=java.base/java.util.concurrent=ALL-UNNAMED
11-Mar-2024 15:44:30.759 INFO [main] org.apache.catalina.startup.VersionLoggerListener.log Command line argument: --add-opens=java.rmi/sun.rmi.transport=ALL-UNNAMED
11-Mar-2024 15:44:30.759 INFO [main] org.apache.catalina.startup.VersionLoggerListener.log Command line argument: -Dcatalina.base=C:\dev\dbProject\apache-tomcat
11-Mar-2024 15:44:30.759 INFO [main] org.apache.catalina.startup.VersionLoggerListener.log Command line argument: -Dcatalina.home=C:\dev\dbProject\apache-tomcat
11-Mar-2024 15:44:30.759 INFO [main] org.apache.catalina.startup.VersionLoggerListener.log Command line argument: -Djava.io.tmpdir=C:\dev\dbProject\apache-tomcat\temp
11-Mar-2024 15:44:30.761 INFO [main] org.apache.catalina.core.AprLifecycleListener.lifecycleEvent Loaded Apache Tomcat Native library [2.0.7] using APR version [1.7.4].
11-Mar-2024 15:44:30.765 INFO [main] org.apache.catalina.core.AprLifecycleListener.initializeSSL OpenSSL successfully initialized [OpenSSL 3.0.13 30 Jan 2024]
11-Mar-2024 15:44:30.961 INFO [main] org.apache.coyote.AbstractProtocol.init Initializing ProtocolHandler ["http-nio-8080"]
11-Mar-2024 15:44:30.991 INFO [main] org.apache.catalina.startup.Catalina.load Server initialization in [413] milliseconds
11-Mar-2024 15:44:31.038 INFO [main] org.apache.catalina.core.StandardService.startInternal Starting service [Catalina]
11-Mar-2024 15:44:31.038 INFO [main] org.apache.catalina.core.StandardEngine.startInternal Starting Servlet engine: [Apache Tomcat/10.1.19]
11-Mar-2024 15:44:31.050 INFO [main] org.apache.catalina.startup.HostConfig.deployDirectory Deploying web application directory [C:\dev\dbProject\apache-tomcat\webapps\DBProject]
11-Mar-2024 15:44:31.360 INFO [main] org.apache.catalina.startup.HostConfig.deployDirectory Deployment of web application directory [C:\dev\dbProject\apache-tomcat\webapps\DBProject] has finished in [310] ms
11-Mar-2024 15:44:31.361 INFO [main] org.apache.catalina.startup.HostConfig.deployDirectory Deploying web application directory [C:\dev\dbProject\apache-tomcat\webapps\docs]
11-Mar-2024 15:44:31.384 INFO [main] org.apache.catalina.startup.HostConfig.deployDirectory Deployment of web application directory [C:\dev\dbProject\apache-tomcat\webapps\docs] has finished in [23] ms
11-Mar-2024 15:44:31.385 INFO [main] org.apache.catalina.startup.HostConfig.deployDirectory Deploying web application directory [C:\dev\dbProject\apache-tomcat\webapps\examples]
11-Mar-2024 15:44:31.663 INFO [main] org.apache.catalina.startup.HostConfig.deployDirectory Deployment of web application directory [C:\dev\dbProject\apache-tomcat\webapps\examples] has finished in [278] ms
11-Mar-2024 15:44:31.663 INFO [main] org.apache.catalina.startup.HostConfig.deployDirectory Deploying web application directory [C:\dev\dbProject\apache-tomcat\webapps\host-manager]
11-Mar-2024 15:44:31.692 INFO [main] org.apache.catalina.startup.HostConfig.deployDirectory Deployment of web application directory [C:\dev\dbProject\apache-tomcat\webapps\host-manager] has finished in [29] ms
11-Mar-2024 15:44:31.693 INFO [main] org.apache.catalina.startup.HostConfig.deployDirectory Deploying web application directory [C:\dev\dbProject\apache-tomcat\webapps\manager]
11-Mar-2024 15:44:31.717 INFO [main] org.apache.catalina.startup.HostConfig.deployDirectory Deployment of web application directory [C:\dev\dbProject\apache-tomcat\webapps\manager] has finished in [25] ms
11-Mar-2024 15:44:31.717 INFO [main] org.apache.catalina.startup.HostConfig.deployDirectory Deploying web application directory [C:\dev\dbProject\apache-tomcat\webapps\ROOT]
11-Mar-2024 15:44:31.733 INFO [main] org.apache.catalina.startup.HostConfig.deployDirectory Deployment of web application directory [C:\dev\dbProject\apache-tomcat\webapps\ROOT] has finished in [16] ms
11-Mar-2024 15:44:31.737 INFO [main] org.apache.coyote.AbstractProtocol.start Starting ProtocolHandler ["http-nio-8080"]
11-Mar-2024 15:44:31.764 INFO [main] org.apache.catalina.startup.Catalina.start Server startup in [773] milliseconds
11-Mar-2024 15:47:55.379 INFO [main] org.apache.catalina.startup.VersionLoggerListener.log Server version name:   Apache Tomcat/10.1.19
11-Mar-2024 15:47:55.382 INFO [main] org.apache.catalina.startup.VersionLoggerListener.log Server built:          Feb 14 2024 19:36:50 UTC
11-Mar-2024 15:47:55.382 INFO [main] org.apache.catalina.startup.VersionLoggerListener.log Server version number: 10.1.19.0
11-Mar-2024 15:47:55.382 INFO [main] org.apache.catalina.startup.VersionLoggerListener.log OS Name:               Windows 11
11-Mar-2024 15:47:55.383 INFO [main] org.apache.catalina.startup.VersionLoggerListener.log OS Version:            10.0
11-Mar-2024 15:47:55.383 INFO [main] org.apache.catalina.startup.VersionLoggerListener.log Architecture:          amd64
11-Mar-2024 15:47:55.383 INFO [main] org.apache.catalina.startup.VersionLoggerListener.log Java Home:             C:\Program Files\Java\jdk-17
11-Mar-2024 15:47:55.383 INFO [main] org.apache.catalina.startup.VersionLoggerListener.log JVM Version:           17.0.10+11-LTS-240
11-Mar-2024 15:47:55.383 INFO [main] org.apache.catalina.startup.VersionLoggerListener.log JVM Vendor:            Oracle Corporation
11-Mar-2024 15:47:55.384 INFO [main] org.apache.catalina.startup.VersionLoggerListener.log CATALINA_BASE:         C:\dev\dbProject\apache-tomcat
11-Mar-2024 15:47:55.384 INFO [main] org.apache.catalina.startup.VersionLoggerListener.log CATALINA_HOME:         C:\dev\dbProject\apache-tomcat
11-Mar-2024 15:47:55.393 INFO [main] org.apache.catalina.startup.VersionLoggerListener.log Command line argument: -Djava.util.logging.config.file=C:\dev\dbProject\apache-tomcat\conf\logging.properties
11-Mar-2024 15:47:55.393 INFO [main] org.apache.catalina.startup.VersionLoggerListener.log Command line argument: -Djava.util.logging.manager=org.apache.juli.ClassLoaderLogManager
11-Mar-2024 15:47:55.393 INFO [main] org.apache.catalina.startup.VersionLoggerListener.log Command line argument: -Djdk.tls.ephemeralDHKeySize=2048
11-Mar-2024 15:47:55.393 INFO [main] org.apache.catalina.startup.VersionLoggerListener.log Command line argument: -Djava.protocol.handler.pkgs=org.apache.catalina.webresources
11-Mar-2024 15:47:55.393 INFO [main] org.apache.catalina.startup.VersionLoggerListener.log Command line argument: --add-opens=java.base/java.lang=ALL-UNNAMED
11-Mar-2024 15:47:55.393 INFO [main] org.apache.catalina.startup.VersionLoggerListener.log Command line argument: --add-opens=java.base/java.io=ALL-UNNAMED
11-Mar-2024 15:47:55.394 INFO [main] org.apache.catalina.startup.VersionLoggerListener.log Command line argument: --add-opens=java.base/java.util=ALL-UNNAMED
11-Mar-2024 15:47:55.394 INFO [main] org.apache.catalina.startup.VersionLoggerListener.log Command line argument: --add-opens=java.base/java.util.concurrent=ALL-UNNAMED
11-Mar-2024 15:47:55.394 INFO [main] org.apache.catalina.startup.VersionLoggerListener.log Command line argument: --add-opens=java.rmi/sun.rmi.transport=ALL-UNNAMED
11-Mar-2024 15:47:55.394 INFO [main] org.apache.catalina.startup.VersionLoggerListener.log Command line argument: -Dcatalina.base=C:\dev\dbProject\apache-tomcat
11-Mar-2024 15:47:55.394 INFO [main] org.apache.catalina.startup.VersionLoggerListener.log Command line argument: -Dcatalina.home=C:\dev\dbProject\apache-tomcat
11-Mar-2024 15:47:55.394 INFO [main] org.apache.catalina.startup.VersionLoggerListener.log Command line argument: -Djava.io.tmpdir=C:\dev\dbProject\apache-tomcat\temp
11-Mar-2024 15:47:55.396 INFO [main] org.apache.catalina.core.AprLifecycleListener.lifecycleEvent Loaded Apache Tomcat Native library [2.0.7] using APR version [1.7.4].
11-Mar-2024 15:47:55.401 INFO [main] org.apache.catalina.core.AprLifecycleListener.initializeSSL OpenSSL successfully initialized [OpenSSL 3.0.13 30 Jan 2024]
11-Mar-2024 15:47:55.587 INFO [main] org.apache.coyote.AbstractProtocol.init Initializing ProtocolHandler ["http-nio-8080"]
11-Mar-2024 15:47:55.607 INFO [main] org.apache.catalina.startup.Catalina.load Server initialization in [365] milliseconds
11-Mar-2024 15:47:55.647 INFO [main] org.apache.catalina.core.StandardService.startInternal Starting service [Catalina]
11-Mar-2024 15:47:55.647 INFO [main] org.apache.catalina.core.StandardEngine.startInternal Starting Servlet engine: [Apache Tomcat/10.1.19]
11-Mar-2024 15:47:55.656 INFO [main] org.apache.catalina.startup.HostConfig.deployDirectory Deploying web application directory [C:\dev\dbProject\apache-tomcat\webapps\DBProject]
11-Mar-2024 15:47:55.900 INFO [main] org.apache.catalina.startup.HostConfig.deployDirectory Deployment of web application directory [C:\dev\dbProject\apache-tomcat\webapps\DBProject] has finished in [245] ms
11-Mar-2024 15:47:55.900 INFO [main] org.apache.catalina.startup.HostConfig.deployDirectory Deploying web application directory [C:\dev\dbProject\apache-tomcat\webapps\docs]
11-Mar-2024 15:47:55.924 INFO [main] org.apache.catalina.startup.HostConfig.deployDirectory Deployment of web application directory [C:\dev\dbProject\apache-tomcat\webapps\docs] has finished in [23] ms
11-Mar-2024 15:47:55.924 INFO [main] org.apache.catalina.startup.HostConfig.deployDirectory Deploying web application directory [C:\dev\dbProject\apache-tomcat\webapps\examples]
11-Mar-2024 15:47:56.198 INFO [main] org.apache.catalina.startup.HostConfig.deployDirectory Deployment of web application directory [C:\dev\dbProject\apache-tomcat\webapps\examples] has finished in [274] ms
11-Mar-2024 15:47:56.199 INFO [main] org.apache.catalina.startup.HostConfig.deployDirectory Deploying web application directory [C:\dev\dbProject\apache-tomcat\webapps\host-manager]
11-Mar-2024 15:47:56.227 INFO [main] org.apache.catalina.startup.HostConfig.deployDirectory Deployment of web application directory [C:\dev\dbProject\apache-tomcat\webapps\host-manager] has finished in [28] ms
11-Mar-2024 15:47:56.227 INFO [main] org.apache.catalina.startup.HostConfig.deployDirectory Deploying web application directory [C:\dev\dbProject\apache-tomcat\webapps\manager]
11-Mar-2024 15:47:56.254 INFO [main] org.apache.catalina.startup.HostConfig.deployDirectory Deployment of web application directory [C:\dev\dbProject\apache-tomcat\webapps\manager] has finished in [26] ms
11-Mar-2024 15:47:56.254 INFO [main] org.apache.catalina.startup.HostConfig.deployDirectory Deploying web application directory [C:\dev\dbProject\apache-tomcat\webapps\ROOT]
11-Mar-2024 15:47:56.270 INFO [main] org.apache.catalina.startup.HostConfig.deployDirectory Deployment of web application directory [C:\dev\dbProject\apache-tomcat\webapps\ROOT] has finished in [16] ms
11-Mar-2024 15:47:56.273 INFO [main] org.apache.coyote.AbstractProtocol.start Starting ProtocolHandler ["http-nio-8080"]
11-Mar-2024 15:47:56.295 INFO [main] org.apache.catalina.startup.Catalina.start Server startup in [688] milliseconds
11-Mar-2024 15:49:40.352 INFO [main] org.apache.catalina.startup.VersionLoggerListener.log Server version name:   Apache Tomcat/10.1.19
11-Mar-2024 15:49:40.355 INFO [main] org.apache.catalina.startup.VersionLoggerListener.log Server built:          Feb 14 2024 19:36:50 UTC
11-Mar-2024 15:49:40.355 INFO [main] org.apache.catalina.startup.VersionLoggerListener.log Server version number: 10.1.19.0
11-Mar-2024 15:49:40.356 INFO [main] org.apache.catalina.startup.VersionLoggerListener.log OS Name:               Windows 11
11-Mar-2024 15:49:40.356 INFO [main] org.apache.catalina.startup.VersionLoggerListener.log OS Version:            10.0
11-Mar-2024 15:49:40.356 INFO [main] org.apache.catalina.startup.VersionLoggerListener.log Architecture:          amd64
11-Mar-2024 15:49:40.356 INFO [main] org.apache.catalina.startup.VersionLoggerListener.log Java Home:             C:\Program Files\Java\jdk-17
11-Mar-2024 15:49:40.356 INFO [main] org.apache.catalina.startup.VersionLoggerListener.log JVM Version:           17.0.10+11-LTS-240
11-Mar-2024 15:49:40.356 INFO [main] org.apache.catalina.startup.VersionLoggerListener.log JVM Vendor:            Oracle Corporation
11-Mar-2024 15:49:40.357 INFO [main] org.apache.catalina.startup.VersionLoggerListener.log CATALINA_BASE:         C:\dev\dbProject\apache-tomcat
11-Mar-2024 15:49:40.357 INFO [main] org.apache.catalina.startup.VersionLoggerListener.log CATALINA_HOME:         C:\dev\dbProject\apache-tomcat
11-Mar-2024 15:49:40.365 INFO [main] org.apache.catalina.startup.VersionLoggerListener.log Command line argument: -Djava.util.logging.config.file=C:\dev\dbProject\apache-tomcat\conf\logging.properties
11-Mar-2024 15:49:40.365 INFO [main] org.apache.catalina.startup.VersionLoggerListener.log Command line argument: -Djava.util.logging.manager=org.apache.juli.ClassLoaderLogManager
11-Mar-2024 15:49:40.365 INFO [main] org.apache.catalina.startup.VersionLoggerListener.log Command line argument: -Djdk.tls.ephemeralDHKeySize=2048
11-Mar-2024 15:49:40.365 INFO [main] org.apache.catalina.startup.VersionLoggerListener.log Command line argument: -Djava.protocol.handler.pkgs=org.apache.catalina.webresources
11-Mar-2024 15:49:40.366 INFO [main] org.apache.catalina.startup.VersionLoggerListener.log Command line argument: --add-opens=java.base/java.lang=ALL-UNNAMED
11-Mar-2024 15:49:40.366 INFO [main] org.apache.catalina.startup.VersionLoggerListener.log Command line argument: --add-opens=java.base/java.io=ALL-UNNAMED
11-Mar-2024 15:49:40.366 INFO [main] org.apache.catalina.startup.VersionLoggerListener.log Command line argument: --add-opens=java.base/java.util=ALL-UNNAMED
11-Mar-2024 15:49:40.366 INFO [main] org.apache.catalina.startup.VersionLoggerListener.log Command line argument: --add-opens=java.base/java.util.concurrent=ALL-UNNAMED
11-Mar-2024 15:49:40.366 INFO [main] org.apache.catalina.startup.VersionLoggerListener.log Command line argument: --add-opens=java.rmi/sun.rmi.transport=ALL-UNNAMED
11-Mar-2024 15:49:40.367 INFO [main] org.apache.catalina.startup.VersionLoggerListener.log Command line argument: -Dcatalina.base=C:\dev\dbProject\apache-tomcat
11-Mar-2024 15:49:40.367 INFO [main] org.apache.catalina.startup.VersionLoggerListener.log Command line argument: -Dcatalina.home=C:\dev\dbProject\apache-tomcat
11-Mar-2024 15:49:40.367 INFO [main] org.apache.catalina.startup.VersionLoggerListener.log Command line argument: -Djava.io.tmpdir=C:\dev\dbProject\apache-tomcat\temp
11-Mar-2024 15:49:40.369 INFO [main] org.apache.catalina.core.AprLifecycleListener.lifecycleEvent Loaded Apache Tomcat Native library [2.0.7] using APR version [1.7.4].
11-Mar-2024 15:49:40.373 INFO [main] org.apache.catalina.core.AprLifecycleListener.initializeSSL OpenSSL successfully initialized [OpenSSL 3.0.13 30 Jan 2024]
11-Mar-2024 15:49:40.557 INFO [main] org.apache.coyote.AbstractProtocol.init Initializing ProtocolHandler ["http-nio-8080"]
11-Mar-2024 15:49:40.570 SEVERE [main] org.apache.catalina.util.LifecycleBase.handleSubClassException Failed to initialize component [Connector["http-nio-8080"]]
	org.apache.catalina.LifecycleException: Protocol handler initialization failed
		at org.apache.catalina.connector.Connector.initInternal(Connector.java:1015)
		at org.apache.catalina.util.LifecycleBase.init(LifecycleBase.java:127)
		at org.apache.catalina.core.StandardService.initInternal(StandardService.java:554)
		at org.apache.catalina.util.LifecycleBase.init(LifecycleBase.java:127)
		at org.apache.catalina.core.StandardServer.initInternal(StandardServer.java:1017)
		at org.apache.catalina.util.LifecycleBase.init(LifecycleBase.java:127)
		at org.apache.catalina.startup.Catalina.load(Catalina.java:708)
		at org.apache.catalina.startup.Catalina.load(Catalina.java:731)
		at java.base/jdk.internal.reflect.NativeMethodAccessorImpl.invoke0(Native Method)
		at java.base/jdk.internal.reflect.NativeMethodAccessorImpl.invoke(NativeMethodAccessorImpl.java:77)
		at java.base/jdk.internal.reflect.DelegatingMethodAccessorImpl.invoke(DelegatingMethodAccessorImpl.java:43)
		at java.base/java.lang.reflect.Method.invoke(Method.java:568)
		at org.apache.catalina.startup.Bootstrap.load(Bootstrap.java:302)
		at org.apache.catalina.startup.Bootstrap.main(Bootstrap.java:475)
	Caused by: java.net.BindException: Address already in use: bind
		at java.base/sun.nio.ch.Net.bind0(Native Method)
		at java.base/sun.nio.ch.Net.bind(Net.java:555)
		at java.base/sun.nio.ch.ServerSocketChannelImpl.netBind(ServerSocketChannelImpl.java:337)
		at java.base/sun.nio.ch.ServerSocketChannelImpl.bind(ServerSocketChannelImpl.java:294)
		at org.apache.tomcat.util.net.NioEndpoint.initServerSocket(NioEndpoint.java:247)
		at org.apache.tomcat.util.net.NioEndpoint.bind(NioEndpoint.java:202)
		at org.apache.tomcat.util.net.AbstractEndpoint.bindWithCleanup(AbstractEndpoint.java:1282)
		at org.apache.tomcat.util.net.AbstractEndpoint.init(AbstractEndpoint.java:1295)
		at org.apache.coyote.AbstractProtocol.init(AbstractProtocol.java:624)
		at org.apache.coyote.http11.AbstractHttp11Protocol.init(AbstractHttp11Protocol.java:77)
		at org.apache.catalina.connector.Connector.initInternal(Connector.java:1013)
		... 13 more
11-Mar-2024 15:49:40.571 INFO [main] org.apache.catalina.startup.Catalina.load Server initialization in [346] milliseconds
11-Mar-2024 15:49:40.605 INFO [main] org.apache.catalina.core.StandardService.startInternal Starting service [Catalina]
11-Mar-2024 15:49:40.606 INFO [main] org.apache.catalina.core.StandardEngine.startInternal Starting Servlet engine: [Apache Tomcat/10.1.19]
11-Mar-2024 15:49:40.615 INFO [main] org.apache.catalina.startup.HostConfig.deployDirectory Deploying web application directory [C:\dev\dbProject\apache-tomcat\webapps\DBProject]
11-Mar-2024 15:49:40.862 INFO [main] org.apache.catalina.startup.HostConfig.deployDirectory Deployment of web application directory [C:\dev\dbProject\apache-tomcat\webapps\DBProject] has finished in [247] ms
11-Mar-2024 15:49:40.862 INFO [main] org.apache.catalina.startup.HostConfig.deployDirectory Deploying web application directory [C:\dev\dbProject\apache-tomcat\webapps\docs]
11-Mar-2024 15:49:40.884 INFO [main] org.apache.catalina.startup.HostConfig.deployDirectory Deployment of web application directory [C:\dev\dbProject\apache-tomcat\webapps\docs] has finished in [21] ms
11-Mar-2024 15:49:40.884 INFO [main] org.apache.catalina.startup.HostConfig.deployDirectory Deploying web application directory [C:\dev\dbProject\apache-tomcat\webapps\examples]
11-Mar-2024 15:49:41.144 INFO [main] org.apache.catalina.startup.HostConfig.deployDirectory Deployment of web application directory [C:\dev\dbProject\apache-tomcat\webapps\examples] has finished in [260] ms
11-Mar-2024 15:49:41.144 INFO [main] org.apache.catalina.startup.HostConfig.deployDirectory Deploying web application directory [C:\dev\dbProject\apache-tomcat\webapps\host-manager]
11-Mar-2024 15:49:41.167 INFO [main] org.apache.catalina.startup.HostConfig.deployDirectory Deployment of web application directory [C:\dev\dbProject\apache-tomcat\webapps\host-manager] has finished in [23] ms
11-Mar-2024 15:49:41.168 INFO [main] org.apache.catalina.startup.HostConfig.deployDirectory Deploying web application directory [C:\dev\dbProject\apache-tomcat\webapps\manager]
11-Mar-2024 15:49:41.190 INFO [main] org.apache.catalina.startup.HostConfig.deployDirectory Deployment of web application directory [C:\dev\dbProject\apache-tomcat\webapps\manager] has finished in [22] ms
11-Mar-2024 15:49:41.190 INFO [main] org.apache.catalina.startup.HostConfig.deployDirectory Deploying web application directory [C:\dev\dbProject\apache-tomcat\webapps\ROOT]
11-Mar-2024 15:49:41.206 INFO [main] org.apache.catalina.startup.HostConfig.deployDirectory Deployment of web application directory [C:\dev\dbProject\apache-tomcat\webapps\ROOT] has finished in [16] ms
11-Mar-2024 15:49:41.210 INFO [main] org.apache.catalina.startup.Catalina.start Server startup in [638] milliseconds
11-Mar-2024 15:49:41.215 SEVERE [main] org.apache.catalina.core.StandardServer.await Failed to create server shutdown socket on address [localhost] and port [8005] (base port [8005] and offset [0])
	java.net.BindException: Address already in use: bind
		at java.base/sun.nio.ch.Net.bind0(Native Method)
		at java.base/sun.nio.ch.Net.bind(Net.java:555)
		at java.base/sun.nio.ch.Net.bind(Net.java:544)
		at java.base/sun.nio.ch.NioSocketImpl.bind(NioSocketImpl.java:648)
		at java.base/java.net.ServerSocket.bind(ServerSocket.java:388)
		at java.base/java.net.ServerSocket.<init>(ServerSocket.java:274)
		at org.apache.catalina.core.StandardServer.await(StandardServer.java:577)
		at org.apache.catalina.startup.Catalina.await(Catalina.java:847)
		at org.apache.catalina.startup.Catalina.start(Catalina.java:795)
		at java.base/jdk.internal.reflect.NativeMethodAccessorImpl.invoke0(Native Method)
		at java.base/jdk.internal.reflect.NativeMethodAccessorImpl.invoke(NativeMethodAccessorImpl.java:77)
		at java.base/jdk.internal.reflect.DelegatingMethodAccessorImpl.invoke(DelegatingMethodAccessorImpl.java:43)
		at java.base/java.lang.reflect.Method.invoke(Method.java:568)
		at org.apache.catalina.startup.Bootstrap.start(Bootstrap.java:345)
		at org.apache.catalina.startup.Bootstrap.main(Bootstrap.java:476)
11-Mar-2024 15:49:41.216 INFO [main] org.apache.coyote.AbstractProtocol.pause Pausing ProtocolHandler ["http-nio-8080"]
11-Mar-2024 15:49:41.216 INFO [main] org.apache.catalina.core.StandardService.stopInternal Stopping service [Catalina]
11-Mar-2024 15:49:41.237 INFO [main] org.apache.coyote.AbstractProtocol.stop Stopping ProtocolHandler ["http-nio-8080"]
11-Mar-2024 15:49:41.238 INFO [main] org.apache.coyote.AbstractProtocol.destroy Destroying ProtocolHandler ["http-nio-8080"]
11-Mar-2024 15:50:01.294 INFO [main] org.apache.catalina.startup.VersionLoggerListener.log Server version name:   Apache Tomcat/10.1.19
11-Mar-2024 15:50:01.297 INFO [main] org.apache.catalina.startup.VersionLoggerListener.log Server built:          Feb 14 2024 19:36:50 UTC
11-Mar-2024 15:50:01.298 INFO [main] org.apache.catalina.startup.VersionLoggerListener.log Server version number: 10.1.19.0
11-Mar-2024 15:50:01.298 INFO [main] org.apache.catalina.startup.VersionLoggerListener.log OS Name:               Windows 11
11-Mar-2024 15:50:01.298 INFO [main] org.apache.catalina.startup.VersionLoggerListener.log OS Version:            10.0
11-Mar-2024 15:50:01.298 INFO [main] org.apache.catalina.startup.VersionLoggerListener.log Architecture:          amd64
11-Mar-2024 15:50:01.298 INFO [main] org.apache.catalina.startup.VersionLoggerListener.log Java Home:             C:\Program Files\Java\jdk-17
11-Mar-2024 15:50:01.298 INFO [main] org.apache.catalina.startup.VersionLoggerListener.log JVM Version:           17.0.10+11-LTS-240
11-Mar-2024 15:50:01.298 INFO [main] org.apache.catalina.startup.VersionLoggerListener.log JVM Vendor:            Oracle Corporation
11-Mar-2024 15:50:01.299 INFO [main] org.apache.catalina.startup.VersionLoggerListener.log CATALINA_BASE:         C:\dev\dbProject\apache-tomcat
11-Mar-2024 15:50:01.299 INFO [main] org.apache.catalina.startup.VersionLoggerListener.log CATALINA_HOME:         C:\dev\dbProject\apache-tomcat
11-Mar-2024 15:50:01.307 INFO [main] org.apache.catalina.startup.VersionLoggerListener.log Command line argument: -Djava.util.logging.config.file=C:\dev\dbProject\apache-tomcat\conf\logging.properties
11-Mar-2024 15:50:01.307 INFO [main] org.apache.catalina.startup.VersionLoggerListener.log Command line argument: -Djava.util.logging.manager=org.apache.juli.ClassLoaderLogManager
11-Mar-2024 15:50:01.308 INFO [main] org.apache.catalina.startup.VersionLoggerListener.log Command line argument: -Djdk.tls.ephemeralDHKeySize=2048
11-Mar-2024 15:50:01.308 INFO [main] org.apache.catalina.startup.VersionLoggerListener.log Command line argument: -Djava.protocol.handler.pkgs=org.apache.catalina.webresources
11-Mar-2024 15:50:01.308 INFO [main] org.apache.catalina.startup.VersionLoggerListener.log Command line argument: --add-opens=java.base/java.lang=ALL-UNNAMED
11-Mar-2024 15:50:01.308 INFO [main] org.apache.catalina.startup.VersionLoggerListener.log Command line argument: --add-opens=java.base/java.io=ALL-UNNAMED
11-Mar-2024 15:50:01.308 INFO [main] org.apache.catalina.startup.VersionLoggerListener.log Command line argument: --add-opens=java.base/java.util=ALL-UNNAMED
11-Mar-2024 15:50:01.308 INFO [main] org.apache.catalina.startup.VersionLoggerListener.log Command line argument: --add-opens=java.base/java.util.concurrent=ALL-UNNAMED
11-Mar-2024 15:50:01.308 INFO [main] org.apache.catalina.startup.VersionLoggerListener.log Command line argument: --add-opens=java.rmi/sun.rmi.transport=ALL-UNNAMED
11-Mar-2024 15:50:01.309 INFO [main] org.apache.catalina.startup.VersionLoggerListener.log Command line argument: -Dcatalina.base=C:\dev\dbProject\apache-tomcat
11-Mar-2024 15:50:01.309 INFO [main] org.apache.catalina.startup.VersionLoggerListener.log Command line argument: -Dcatalina.home=C:\dev\dbProject\apache-tomcat
11-Mar-2024 15:50:01.309 INFO [main] org.apache.catalina.startup.VersionLoggerListener.log Command line argument: -Djava.io.tmpdir=C:\dev\dbProject\apache-tomcat\temp
11-Mar-2024 15:50:01.311 INFO [main] org.apache.catalina.core.AprLifecycleListener.lifecycleEvent Loaded Apache Tomcat Native library [2.0.7] using APR version [1.7.4].
11-Mar-2024 15:50:01.315 INFO [main] org.apache.catalina.core.AprLifecycleListener.initializeSSL OpenSSL successfully initialized [OpenSSL 3.0.13 30 Jan 2024]
11-Mar-2024 15:50:01.492 INFO [main] org.apache.coyote.AbstractProtocol.init Initializing ProtocolHandler ["http-nio-8080"]
11-Mar-2024 15:50:01.512 INFO [main] org.apache.catalina.startup.Catalina.load Server initialization in [349] milliseconds
11-Mar-2024 15:50:01.550 INFO [main] org.apache.catalina.core.StandardService.startInternal Starting service [Catalina]
11-Mar-2024 15:50:01.550 INFO [main] org.apache.catalina.core.StandardEngine.startInternal Starting Servlet engine: [Apache Tomcat/10.1.19]
11-Mar-2024 15:50:01.559 INFO [main] org.apache.catalina.startup.HostConfig.deployDirectory Deploying web application directory [C:\dev\dbProject\apache-tomcat\webapps\DBProject]
11-Mar-2024 15:50:01.821 INFO [main] org.apache.catalina.startup.HostConfig.deployDirectory Deployment of web application directory [C:\dev\dbProject\apache-tomcat\webapps\DBProject] has finished in [262] ms
11-Mar-2024 15:50:01.821 INFO [main] org.apache.catalina.startup.HostConfig.deployDirectory Deploying web application directory [C:\dev\dbProject\apache-tomcat\webapps\docs]
11-Mar-2024 15:50:01.846 INFO [main] org.apache.catalina.startup.HostConfig.deployDirectory Deployment of web application directory [C:\dev\dbProject\apache-tomcat\webapps\docs] has finished in [25] ms
11-Mar-2024 15:50:01.847 INFO [main] org.apache.catalina.startup.HostConfig.deployDirectory Deploying web application directory [C:\dev\dbProject\apache-tomcat\webapps\examples]
11-Mar-2024 15:50:02.122 INFO [main] org.apache.catalina.startup.HostConfig.deployDirectory Deployment of web application directory [C:\dev\dbProject\apache-tomcat\webapps\examples] has finished in [274] ms
11-Mar-2024 15:50:02.122 INFO [main] org.apache.catalina.startup.HostConfig.deployDirectory Deploying web application directory [C:\dev\dbProject\apache-tomcat\webapps\host-manager]
11-Mar-2024 15:50:02.149 INFO [main] org.apache.catalina.startup.HostConfig.deployDirectory Deployment of web application directory [C:\dev\dbProject\apache-tomcat\webapps\host-manager] has finished in [27] ms
11-Mar-2024 15:50:02.150 INFO [main] org.apache.catalina.startup.HostConfig.deployDirectory Deploying web application directory [C:\dev\dbProject\apache-tomcat\webapps\manager]
11-Mar-2024 15:50:02.173 INFO [main] org.apache.catalina.startup.HostConfig.deployDirectory Deployment of web application directory [C:\dev\dbProject\apache-tomcat\webapps\manager] has finished in [24] ms
11-Mar-2024 15:50:02.173 INFO [main] org.apache.catalina.startup.HostConfig.deployDirectory Deploying web application directory [C:\dev\dbProject\apache-tomcat\webapps\ROOT]
11-Mar-2024 15:50:02.189 INFO [main] org.apache.catalina.startup.HostConfig.deployDirectory Deployment of web application directory [C:\dev\dbProject\apache-tomcat\webapps\ROOT] has finished in [16] ms
11-Mar-2024 15:50:02.193 INFO [main] org.apache.coyote.AbstractProtocol.start Starting ProtocolHandler ["http-nio-8080"]
11-Mar-2024 15:50:02.218 INFO [main] org.apache.catalina.startup.Catalina.start Server startup in [704] milliseconds
11-Mar-2024 15:50:29.918 INFO [main] org.apache.catalina.startup.VersionLoggerListener.log Server version name:   Apache Tomcat/10.1.19
11-Mar-2024 15:50:29.921 INFO [main] org.apache.catalina.startup.VersionLoggerListener.log Server built:          Feb 14 2024 19:36:50 UTC
11-Mar-2024 15:50:29.922 INFO [main] org.apache.catalina.startup.VersionLoggerListener.log Server version number: 10.1.19.0
11-Mar-2024 15:50:29.922 INFO [main] org.apache.catalina.startup.VersionLoggerListener.log OS Name:               Windows 11
11-Mar-2024 15:50:29.922 INFO [main] org.apache.catalina.startup.VersionLoggerListener.log OS Version:            10.0
11-Mar-2024 15:50:29.923 INFO [main] org.apache.catalina.startup.VersionLoggerListener.log Architecture:          amd64
11-Mar-2024 15:50:29.923 INFO [main] org.apache.catalina.startup.VersionLoggerListener.log Java Home:             C:\Program Files\Java\jdk-17
11-Mar-2024 15:50:29.923 INFO [main] org.apache.catalina.startup.VersionLoggerListener.log JVM Version:           17.0.10+11-LTS-240
11-Mar-2024 15:50:29.923 INFO [main] org.apache.catalina.startup.VersionLoggerListener.log JVM Vendor:            Oracle Corporation
11-Mar-2024 15:50:29.924 INFO [main] org.apache.catalina.startup.VersionLoggerListener.log CATALINA_BASE:         C:\dev\dbProject\apache-tomcat
11-Mar-2024 15:50:29.924 INFO [main] org.apache.catalina.startup.VersionLoggerListener.log CATALINA_HOME:         C:\dev\dbProject\apache-tomcat
11-Mar-2024 15:50:29.932 INFO [main] org.apache.catalina.startup.VersionLoggerListener.log Command line argument: -Djava.util.logging.config.file=C:\dev\dbProject\apache-tomcat\conf\logging.properties
11-Mar-2024 15:50:29.933 INFO [main] org.apache.catalina.startup.VersionLoggerListener.log Command line argument: -Djava.util.logging.manager=org.apache.juli.ClassLoaderLogManager
11-Mar-2024 15:50:29.933 INFO [main] org.apache.catalina.startup.VersionLoggerListener.log Command line argument: -Djdk.tls.ephemeralDHKeySize=2048
11-Mar-2024 15:50:29.933 INFO [main] org.apache.catalina.startup.VersionLoggerListener.log Command line argument: -Djava.protocol.handler.pkgs=org.apache.catalina.webresources
11-Mar-2024 15:50:29.933 INFO [main] org.apache.catalina.startup.VersionLoggerListener.log Command line argument: --add-opens=java.base/java.lang=ALL-UNNAMED
11-Mar-2024 15:50:29.933 INFO [main] org.apache.catalina.startup.VersionLoggerListener.log Command line argument: --add-opens=java.base/java.io=ALL-UNNAMED
11-Mar-2024 15:50:29.933 INFO [main] org.apache.catalina.startup.VersionLoggerListener.log Command line argument: --add-opens=java.base/java.util=ALL-UNNAMED
11-Mar-2024 15:50:29.934 INFO [main] org.apache.catalina.startup.VersionLoggerListener.log Command line argument: --add-opens=java.base/java.util.concurrent=ALL-UNNAMED
11-Mar-2024 15:50:29.934 INFO [main] org.apache.catalina.startup.VersionLoggerListener.log Command line argument: --add-opens=java.rmi/sun.rmi.transport=ALL-UNNAMED
11-Mar-2024 15:50:29.934 INFO [main] org.apache.catalina.startup.VersionLoggerListener.log Command line argument: -Dcatalina.base=C:\dev\dbProject\apache-tomcat
11-Mar-2024 15:50:29.934 INFO [main] org.apache.catalina.startup.VersionLoggerListener.log Command line argument: -Dcatalina.home=C:\dev\dbProject\apache-tomcat
11-Mar-2024 15:50:29.934 INFO [main] org.apache.catalina.startup.VersionLoggerListener.log Command line argument: -Djava.io.tmpdir=C:\dev\dbProject\apache-tomcat\temp
11-Mar-2024 15:50:29.936 INFO [main] org.apache.catalina.core.AprLifecycleListener.lifecycleEvent Loaded Apache Tomcat Native library [2.0.7] using APR version [1.7.4].
11-Mar-2024 15:50:29.940 INFO [main] org.apache.catalina.core.AprLifecycleListener.initializeSSL OpenSSL successfully initialized [OpenSSL 3.0.13 30 Jan 2024]
11-Mar-2024 15:50:30.128 INFO [main] org.apache.coyote.AbstractProtocol.init Initializing ProtocolHandler ["http-nio-8080"]
11-Mar-2024 15:50:30.148 INFO [main] org.apache.catalina.startup.Catalina.load Server initialization in [364] milliseconds
11-Mar-2024 15:50:30.186 INFO [main] org.apache.catalina.core.StandardService.startInternal Starting service [Catalina]
11-Mar-2024 15:50:30.186 INFO [main] org.apache.catalina.core.StandardEngine.startInternal Starting Servlet engine: [Apache Tomcat/10.1.19]
11-Mar-2024 15:50:30.194 INFO [main] org.apache.catalina.startup.HostConfig.deployDirectory Deploying web application directory [C:\dev\dbProject\apache-tomcat\webapps\DBProject]
11-Mar-2024 15:50:30.457 INFO [main] org.apache.catalina.startup.HostConfig.deployDirectory Deployment of web application directory [C:\dev\dbProject\apache-tomcat\webapps\DBProject] has finished in [263] ms
11-Mar-2024 15:50:30.458 INFO [main] org.apache.catalina.startup.HostConfig.deployDirectory Deploying web application directory [C:\dev\dbProject\apache-tomcat\webapps\docs]
11-Mar-2024 15:50:30.480 INFO [main] org.apache.catalina.startup.HostConfig.deployDirectory Deployment of web application directory [C:\dev\dbProject\apache-tomcat\webapps\docs] has finished in [22] ms
11-Mar-2024 15:50:30.480 INFO [main] org.apache.catalina.startup.HostConfig.deployDirectory Deploying web application directory [C:\dev\dbProject\apache-tomcat\webapps\examples]
11-Mar-2024 15:50:30.743 INFO [main] org.apache.catalina.startup.HostConfig.deployDirectory Deployment of web application directory [C:\dev\dbProject\apache-tomcat\webapps\examples] has finished in [263] ms
11-Mar-2024 15:50:30.743 INFO [main] org.apache.catalina.startup.HostConfig.deployDirectory Deploying web application directory [C:\dev\dbProject\apache-tomcat\webapps\host-manager]
11-Mar-2024 15:50:30.767 INFO [main] org.apache.catalina.startup.HostConfig.deployDirectory Deployment of web application directory [C:\dev\dbProject\apache-tomcat\webapps\host-manager] has finished in [24] ms
11-Mar-2024 15:50:30.768 INFO [main] org.apache.catalina.startup.HostConfig.deployDirectory Deploying web application directory [C:\dev\dbProject\apache-tomcat\webapps\manager]
11-Mar-2024 15:50:30.790 INFO [main] org.apache.catalina.startup.HostConfig.deployDirectory Deployment of web application directory [C:\dev\dbProject\apache-tomcat\webapps\manager] has finished in [22] ms
11-Mar-2024 15:50:30.790 INFO [main] org.apache.catalina.startup.HostConfig.deployDirectory Deploying web application directory [C:\dev\dbProject\apache-tomcat\webapps\ROOT]
11-Mar-2024 15:50:30.807 INFO [main] org.apache.catalina.startup.HostConfig.deployDirectory Deployment of web application directory [C:\dev\dbProject\apache-tomcat\webapps\ROOT] has finished in [17] ms
11-Mar-2024 15:50:30.811 INFO [main] org.apache.coyote.AbstractProtocol.start Starting ProtocolHandler ["http-nio-8080"]
11-Mar-2024 15:50:30.835 INFO [main] org.apache.catalina.startup.Catalina.start Server startup in [686] milliseconds
11-Mar-2024 15:50:49.138 INFO [main] org.apache.catalina.startup.VersionLoggerListener.log Server version name:   Apache Tomcat/10.1.19
11-Mar-2024 15:50:49.141 INFO [main] org.apache.catalina.startup.VersionLoggerListener.log Server built:          Feb 14 2024 19:36:50 UTC
11-Mar-2024 15:50:49.141 INFO [main] org.apache.catalina.startup.VersionLoggerListener.log Server version number: 10.1.19.0
11-Mar-2024 15:50:49.141 INFO [main] org.apache.catalina.startup.VersionLoggerListener.log OS Name:               Windows 11
11-Mar-2024 15:50:49.141 INFO [main] org.apache.catalina.startup.VersionLoggerListener.log OS Version:            10.0
11-Mar-2024 15:50:49.142 INFO [main] org.apache.catalina.startup.VersionLoggerListener.log Architecture:          amd64
11-Mar-2024 15:50:49.142 INFO [main] org.apache.catalina.startup.VersionLoggerListener.log Java Home:             C:\Program Files\Java\jdk-17
11-Mar-2024 15:50:49.142 INFO [main] org.apache.catalina.startup.VersionLoggerListener.log JVM Version:           17.0.10+11-LTS-240
11-Mar-2024 15:50:49.142 INFO [main] org.apache.catalina.startup.VersionLoggerListener.log JVM Vendor:            Oracle Corporation
11-Mar-2024 15:50:49.142 INFO [main] org.apache.catalina.startup.VersionLoggerListener.log CATALINA_BASE:         C:\dev\dbProject\apache-tomcat
11-Mar-2024 15:50:49.143 INFO [main] org.apache.catalina.startup.VersionLoggerListener.log CATALINA_HOME:         C:\dev\dbProject\apache-tomcat
11-Mar-2024 15:50:49.150 INFO [main] org.apache.catalina.startup.VersionLoggerListener.log Command line argument: -Djava.util.logging.config.file=C:\dev\dbProject\apache-tomcat\conf\logging.properties
11-Mar-2024 15:50:49.150 INFO [main] org.apache.catalina.startup.VersionLoggerListener.log Command line argument: -Djava.util.logging.manager=org.apache.juli.ClassLoaderLogManager
11-Mar-2024 15:50:49.150 INFO [main] org.apache.catalina.startup.VersionLoggerListener.log Command line argument: -Djdk.tls.ephemeralDHKeySize=2048
11-Mar-2024 15:50:49.150 INFO [main] org.apache.catalina.startup.VersionLoggerListener.log Command line argument: -Djava.protocol.handler.pkgs=org.apache.catalina.webresources
11-Mar-2024 15:50:49.150 INFO [main] org.apache.catalina.startup.VersionLoggerListener.log Command line argument: --add-opens=java.base/java.lang=ALL-UNNAMED
11-Mar-2024 15:50:49.151 INFO [main] org.apache.catalina.startup.VersionLoggerListener.log Command line argument: --add-opens=java.base/java.io=ALL-UNNAMED
11-Mar-2024 15:50:49.151 INFO [main] org.apache.catalina.startup.VersionLoggerListener.log Command line argument: --add-opens=java.base/java.util=ALL-UNNAMED
11-Mar-2024 15:50:49.151 INFO [main] org.apache.catalina.startup.VersionLoggerListener.log Command line argument: --add-opens=java.base/java.util.concurrent=ALL-UNNAMED
11-Mar-2024 15:50:49.151 INFO [main] org.apache.catalina.startup.VersionLoggerListener.log Command line argument: --add-opens=java.rmi/sun.rmi.transport=ALL-UNNAMED
11-Mar-2024 15:50:49.151 INFO [main] org.apache.catalina.startup.VersionLoggerListener.log Command line argument: -Dcatalina.base=C:\dev\dbProject\apache-tomcat
11-Mar-2024 15:50:49.151 INFO [main] org.apache.catalina.startup.VersionLoggerListener.log Command line argument: -Dcatalina.home=C:\dev\dbProject\apache-tomcat
11-Mar-2024 15:50:49.152 INFO [main] org.apache.catalina.startup.VersionLoggerListener.log Command line argument: -Djava.io.tmpdir=C:\dev\dbProject\apache-tomcat\temp
11-Mar-2024 15:50:49.153 INFO [main] org.apache.catalina.core.AprLifecycleListener.lifecycleEvent Loaded Apache Tomcat Native library [2.0.7] using APR version [1.7.4].
11-Mar-2024 15:50:49.157 INFO [main] org.apache.catalina.core.AprLifecycleListener.initializeSSL OpenSSL successfully initialized [OpenSSL 3.0.13 30 Jan 2024]
11-Mar-2024 15:50:49.335 INFO [main] org.apache.coyote.AbstractProtocol.init Initializing ProtocolHandler ["http-nio-8080"]
11-Mar-2024 15:50:49.354 INFO [main] org.apache.catalina.startup.Catalina.load Server initialization in [352] milliseconds
11-Mar-2024 15:50:49.388 INFO [main] org.apache.catalina.core.StandardService.startInternal Starting service [Catalina]
11-Mar-2024 15:50:49.388 INFO [main] org.apache.catalina.core.StandardEngine.startInternal Starting Servlet engine: [Apache Tomcat/10.1.19]
11-Mar-2024 15:50:49.395 INFO [main] org.apache.catalina.startup.HostConfig.deployDirectory Deploying web application directory [C:\dev\dbProject\apache-tomcat\webapps\DBProject]
11-Mar-2024 15:50:49.647 INFO [main] org.apache.catalina.startup.HostConfig.deployDirectory Deployment of web application directory [C:\dev\dbProject\apache-tomcat\webapps\DBProject] has finished in [251] ms
11-Mar-2024 15:50:49.647 INFO [main] org.apache.catalina.startup.HostConfig.deployDirectory Deploying web application directory [C:\dev\dbProject\apache-tomcat\webapps\docs]
11-Mar-2024 15:50:49.668 INFO [main] org.apache.catalina.startup.HostConfig.deployDirectory Deployment of web application directory [C:\dev\dbProject\apache-tomcat\webapps\docs] has finished in [21] ms
11-Mar-2024 15:50:49.669 INFO [main] org.apache.catalina.startup.HostConfig.deployDirectory Deploying web application directory [C:\dev\dbProject\apache-tomcat\webapps\examples]
11-Mar-2024 15:50:49.940 INFO [main] org.apache.catalina.startup.HostConfig.deployDirectory Deployment of web application directory [C:\dev\dbProject\apache-tomcat\webapps\examples] has finished in [271] ms
11-Mar-2024 15:50:49.940 INFO [main] org.apache.catalina.startup.HostConfig.deployDirectory Deploying web application directory [C:\dev\dbProject\apache-tomcat\webapps\host-manager]
11-Mar-2024 15:50:49.970 INFO [main] org.apache.catalina.startup.HostConfig.deployDirectory Deployment of web application directory [C:\dev\dbProject\apache-tomcat\webapps\host-manager] has finished in [29] ms
11-Mar-2024 15:50:49.970 INFO [main] org.apache.catalina.startup.HostConfig.deployDirectory Deploying web application directory [C:\dev\dbProject\apache-tomcat\webapps\manager]
11-Mar-2024 15:50:49.994 INFO [main] org.apache.catalina.startup.HostConfig.deployDirectory Deployment of web application directory [C:\dev\dbProject\apache-tomcat\webapps\manager] has finished in [24] ms
11-Mar-2024 15:50:49.995 INFO [main] org.apache.catalina.startup.HostConfig.deployDirectory Deploying web application directory [C:\dev\dbProject\apache-tomcat\webapps\ROOT]
11-Mar-2024 15:50:50.013 INFO [main] org.apache.catalina.startup.HostConfig.deployDirectory Deployment of web application directory [C:\dev\dbProject\apache-tomcat\webapps\ROOT] has finished in [18] ms
11-Mar-2024 15:50:50.016 INFO [main] org.apache.coyote.AbstractProtocol.start Starting ProtocolHandler ["http-nio-8080"]
11-Mar-2024 15:50:50.039 INFO [main] org.apache.catalina.startup.Catalina.start Server startup in [684] milliseconds
11-Mar-2024 15:50:57.156 INFO [main] org.apache.catalina.startup.VersionLoggerListener.log Server version name:   Apache Tomcat/10.1.19
11-Mar-2024 15:50:57.159 INFO [main] org.apache.catalina.startup.VersionLoggerListener.log Server built:          Feb 14 2024 19:36:50 UTC
11-Mar-2024 15:50:57.159 INFO [main] org.apache.catalina.startup.VersionLoggerListener.log Server version number: 10.1.19.0
11-Mar-2024 15:50:57.159 INFO [main] org.apache.catalina.startup.VersionLoggerListener.log OS Name:               Windows 11
11-Mar-2024 15:50:57.160 INFO [main] org.apache.catalina.startup.VersionLoggerListener.log OS Version:            10.0
11-Mar-2024 15:50:57.160 INFO [main] org.apache.catalina.startup.VersionLoggerListener.log Architecture:          amd64
11-Mar-2024 15:50:57.160 INFO [main] org.apache.catalina.startup.VersionLoggerListener.log Java Home:             C:\Program Files\Java\jdk-17
11-Mar-2024 15:50:57.160 INFO [main] org.apache.catalina.startup.VersionLoggerListener.log JVM Version:           17.0.10+11-LTS-240
11-Mar-2024 15:50:57.160 INFO [main] org.apache.catalina.startup.VersionLoggerListener.log JVM Vendor:            Oracle Corporation
11-Mar-2024 15:50:57.160 INFO [main] org.apache.catalina.startup.VersionLoggerListener.log CATALINA_BASE:         C:\dev\dbProject\apache-tomcat
11-Mar-2024 15:50:57.161 INFO [main] org.apache.catalina.startup.VersionLoggerListener.log CATALINA_HOME:         C:\dev\dbProject\apache-tomcat
11-Mar-2024 15:50:57.168 INFO [main] org.apache.catalina.startup.VersionLoggerListener.log Command line argument: -Djava.util.logging.config.file=C:\dev\dbProject\apache-tomcat\conf\logging.properties
11-Mar-2024 15:50:57.169 INFO [main] org.apache.catalina.startup.VersionLoggerListener.log Command line argument: -Djava.util.logging.manager=org.apache.juli.ClassLoaderLogManager
11-Mar-2024 15:50:57.169 INFO [main] org.apache.catalina.startup.VersionLoggerListener.log Command line argument: -Djdk.tls.ephemeralDHKeySize=2048
11-Mar-2024 15:50:57.169 INFO [main] org.apache.catalina.startup.VersionLoggerListener.log Command line argument: -Djava.protocol.handler.pkgs=org.apache.catalina.webresources
11-Mar-2024 15:50:57.169 INFO [main] org.apache.catalina.startup.VersionLoggerListener.log Command line argument: --add-opens=java.base/java.lang=ALL-UNNAMED
11-Mar-2024 15:50:57.169 INFO [main] org.apache.catalina.startup.VersionLoggerListener.log Command line argument: --add-opens=java.base/java.io=ALL-UNNAMED
11-Mar-2024 15:50:57.169 INFO [main] org.apache.catalina.startup.VersionLoggerListener.log Command line argument: --add-opens=java.base/java.util=ALL-UNNAMED
11-Mar-2024 15:50:57.170 INFO [main] org.apache.catalina.startup.VersionLoggerListener.log Command line argument: --add-opens=java.base/java.util.concurrent=ALL-UNNAMED
11-Mar-2024 15:50:57.170 INFO [main] org.apache.catalina.startup.VersionLoggerListener.log Command line argument: --add-opens=java.rmi/sun.rmi.transport=ALL-UNNAMED
11-Mar-2024 15:50:57.170 INFO [main] org.apache.catalina.startup.VersionLoggerListener.log Command line argument: -Dcatalina.base=C:\dev\dbProject\apache-tomcat
11-Mar-2024 15:50:57.170 INFO [main] org.apache.catalina.startup.VersionLoggerListener.log Command line argument: -Dcatalina.home=C:\dev\dbProject\apache-tomcat
11-Mar-2024 15:50:57.170 INFO [main] org.apache.catalina.startup.VersionLoggerListener.log Command line argument: -Djava.io.tmpdir=C:\dev\dbProject\apache-tomcat\temp
11-Mar-2024 15:50:57.172 INFO [main] org.apache.catalina.core.AprLifecycleListener.lifecycleEvent Loaded Apache Tomcat Native library [2.0.7] using APR version [1.7.4].
11-Mar-2024 15:50:57.176 INFO [main] org.apache.catalina.core.AprLifecycleListener.initializeSSL OpenSSL successfully initialized [OpenSSL 3.0.13 30 Jan 2024]
11-Mar-2024 15:50:57.374 INFO [main] org.apache.coyote.AbstractProtocol.init Initializing ProtocolHandler ["http-nio-8080"]
11-Mar-2024 15:50:57.387 SEVERE [main] org.apache.catalina.util.LifecycleBase.handleSubClassException Failed to initialize component [Connector["http-nio-8080"]]
	org.apache.catalina.LifecycleException: Protocol handler initialization failed
		at org.apache.catalina.connector.Connector.initInternal(Connector.java:1015)
		at org.apache.catalina.util.LifecycleBase.init(LifecycleBase.java:127)
		at org.apache.catalina.core.StandardService.initInternal(StandardService.java:554)
		at org.apache.catalina.util.LifecycleBase.init(LifecycleBase.java:127)
		at org.apache.catalina.core.StandardServer.initInternal(StandardServer.java:1017)
		at org.apache.catalina.util.LifecycleBase.init(LifecycleBase.java:127)
		at org.apache.catalina.startup.Catalina.load(Catalina.java:708)
		at org.apache.catalina.startup.Catalina.load(Catalina.java:731)
		at java.base/jdk.internal.reflect.NativeMethodAccessorImpl.invoke0(Native Method)
		at java.base/jdk.internal.reflect.NativeMethodAccessorImpl.invoke(NativeMethodAccessorImpl.java:77)
		at java.base/jdk.internal.reflect.DelegatingMethodAccessorImpl.invoke(DelegatingMethodAccessorImpl.java:43)
		at java.base/java.lang.reflect.Method.invoke(Method.java:568)
		at org.apache.catalina.startup.Bootstrap.load(Bootstrap.java:302)
		at org.apache.catalina.startup.Bootstrap.main(Bootstrap.java:475)
	Caused by: java.net.BindException: Address already in use: bind
		at java.base/sun.nio.ch.Net.bind0(Native Method)
		at java.base/sun.nio.ch.Net.bind(Net.java:555)
		at java.base/sun.nio.ch.ServerSocketChannelImpl.netBind(ServerSocketChannelImpl.java:337)
		at java.base/sun.nio.ch.ServerSocketChannelImpl.bind(ServerSocketChannelImpl.java:294)
		at org.apache.tomcat.util.net.NioEndpoint.initServerSocket(NioEndpoint.java:247)
		at org.apache.tomcat.util.net.NioEndpoint.bind(NioEndpoint.java:202)
		at org.apache.tomcat.util.net.AbstractEndpoint.bindWithCleanup(AbstractEndpoint.java:1282)
		at org.apache.tomcat.util.net.AbstractEndpoint.init(AbstractEndpoint.java:1295)
		at org.apache.coyote.AbstractProtocol.init(AbstractProtocol.java:624)
		at org.apache.coyote.http11.AbstractHttp11Protocol.init(AbstractHttp11Protocol.java:77)
		at org.apache.catalina.connector.Connector.initInternal(Connector.java:1013)
		... 13 more
11-Mar-2024 15:50:57.388 INFO [main] org.apache.catalina.startup.Catalina.load Server initialization in [364] milliseconds
11-Mar-2024 15:50:57.426 INFO [main] org.apache.catalina.core.StandardService.startInternal Starting service [Catalina]
11-Mar-2024 15:50:57.426 INFO [main] org.apache.catalina.core.StandardEngine.startInternal Starting Servlet engine: [Apache Tomcat/10.1.19]
11-Mar-2024 15:50:57.436 INFO [main] org.apache.catalina.startup.HostConfig.deployDirectory Deploying web application directory [C:\dev\dbProject\apache-tomcat\webapps\DBProject]
11-Mar-2024 15:50:57.688 INFO [main] org.apache.catalina.startup.HostConfig.deployDirectory Deployment of web application directory [C:\dev\dbProject\apache-tomcat\webapps\DBProject] has finished in [252] ms
11-Mar-2024 15:50:57.689 INFO [main] org.apache.catalina.startup.HostConfig.deployDirectory Deploying web application directory [C:\dev\dbProject\apache-tomcat\webapps\docs]
11-Mar-2024 15:50:57.715 INFO [main] org.apache.catalina.startup.HostConfig.deployDirectory Deployment of web application directory [C:\dev\dbProject\apache-tomcat\webapps\docs] has finished in [25] ms
11-Mar-2024 15:50:57.715 INFO [main] org.apache.catalina.startup.HostConfig.deployDirectory Deploying web application directory [C:\dev\dbProject\apache-tomcat\webapps\examples]
11-Mar-2024 15:51:09.259 INFO [main] org.apache.catalina.startup.VersionLoggerListener.log Server version name:   Apache Tomcat/10.1.19
11-Mar-2024 15:51:09.262 INFO [main] org.apache.catalina.startup.VersionLoggerListener.log Server built:          Feb 14 2024 19:36:50 UTC
11-Mar-2024 15:51:09.262 INFO [main] org.apache.catalina.startup.VersionLoggerListener.log Server version number: 10.1.19.0
11-Mar-2024 15:51:09.262 INFO [main] org.apache.catalina.startup.VersionLoggerListener.log OS Name:               Windows 11
11-Mar-2024 15:51:09.262 INFO [main] org.apache.catalina.startup.VersionLoggerListener.log OS Version:            10.0
11-Mar-2024 15:51:09.262 INFO [main] org.apache.catalina.startup.VersionLoggerListener.log Architecture:          amd64
11-Mar-2024 15:51:09.263 INFO [main] org.apache.catalina.startup.VersionLoggerListener.log Java Home:             C:\Program Files\Java\jdk-17
11-Mar-2024 15:51:09.263 INFO [main] org.apache.catalina.startup.VersionLoggerListener.log JVM Version:           17.0.10+11-LTS-240
11-Mar-2024 15:51:09.263 INFO [main] org.apache.catalina.startup.VersionLoggerListener.log JVM Vendor:            Oracle Corporation
11-Mar-2024 15:51:09.263 INFO [main] org.apache.catalina.startup.VersionLoggerListener.log CATALINA_BASE:         C:\dev\dbProject\apache-tomcat
11-Mar-2024 15:51:09.263 INFO [main] org.apache.catalina.startup.VersionLoggerListener.log CATALINA_HOME:         C:\dev\dbProject\apache-tomcat
11-Mar-2024 15:51:09.272 INFO [main] org.apache.catalina.startup.VersionLoggerListener.log Command line argument: -Djava.util.logging.config.file=C:\dev\dbProject\apache-tomcat\conf\logging.properties
11-Mar-2024 15:51:09.272 INFO [main] org.apache.catalina.startup.VersionLoggerListener.log Command line argument: -Djava.util.logging.manager=org.apache.juli.ClassLoaderLogManager
11-Mar-2024 15:51:09.272 INFO [main] org.apache.catalina.startup.VersionLoggerListener.log Command line argument: -Djdk.tls.ephemeralDHKeySize=2048
11-Mar-2024 15:51:09.272 INFO [main] org.apache.catalina.startup.VersionLoggerListener.log Command line argument: -Djava.protocol.handler.pkgs=org.apache.catalina.webresources
11-Mar-2024 15:51:09.272 INFO [main] org.apache.catalina.startup.VersionLoggerListener.log Command line argument: --add-opens=java.base/java.lang=ALL-UNNAMED
11-Mar-2024 15:51:09.272 INFO [main] org.apache.catalina.startup.VersionLoggerListener.log Command line argument: --add-opens=java.base/java.io=ALL-UNNAMED
11-Mar-2024 15:51:09.273 INFO [main] org.apache.catalina.startup.VersionLoggerListener.log Command line argument: --add-opens=java.base/java.util=ALL-UNNAMED
11-Mar-2024 15:51:09.273 INFO [main] org.apache.catalina.startup.VersionLoggerListener.log Command line argument: --add-opens=java.base/java.util.concurrent=ALL-UNNAMED
11-Mar-2024 15:51:09.273 INFO [main] org.apache.catalina.startup.VersionLoggerListener.log Command line argument: --add-opens=java.rmi/sun.rmi.transport=ALL-UNNAMED
11-Mar-2024 15:51:09.273 INFO [main] org.apache.catalina.startup.VersionLoggerListener.log Command line argument: -Dcatalina.base=C:\dev\dbProject\apache-tomcat
11-Mar-2024 15:51:09.273 INFO [main] org.apache.catalina.startup.VersionLoggerListener.log Command line argument: -Dcatalina.home=C:\dev\dbProject\apache-tomcat
11-Mar-2024 15:51:09.273 INFO [main] org.apache.catalina.startup.VersionLoggerListener.log Command line argument: -Djava.io.tmpdir=C:\dev\dbProject\apache-tomcat\temp
11-Mar-2024 15:51:09.275 INFO [main] org.apache.catalina.core.AprLifecycleListener.lifecycleEvent Loaded Apache Tomcat Native library [2.0.7] using APR version [1.7.4].
11-Mar-2024 15:51:09.279 INFO [main] org.apache.catalina.core.AprLifecycleListener.initializeSSL OpenSSL successfully initialized [OpenSSL 3.0.13 30 Jan 2024]
11-Mar-2024 15:51:09.473 INFO [main] org.apache.coyote.AbstractProtocol.init Initializing ProtocolHandler ["http-nio-8080"]
11-Mar-2024 15:51:09.492 INFO [main] org.apache.catalina.startup.Catalina.load Server initialization in [363] milliseconds
11-Mar-2024 15:51:09.527 INFO [main] org.apache.catalina.core.StandardService.startInternal Starting service [Catalina]
11-Mar-2024 15:51:09.527 INFO [main] org.apache.catalina.core.StandardEngine.startInternal Starting Servlet engine: [Apache Tomcat/10.1.19]
11-Mar-2024 15:51:09.535 INFO [main] org.apache.catalina.startup.HostConfig.deployDirectory Deploying web application directory [C:\dev\dbProject\apache-tomcat\webapps\DBProject]
11-Mar-2024 15:51:09.786 INFO [main] org.apache.catalina.startup.HostConfig.deployDirectory Deployment of web application directory [C:\dev\dbProject\apache-tomcat\webapps\DBProject] has finished in [250] ms
11-Mar-2024 15:51:09.786 INFO [main] org.apache.catalina.startup.HostConfig.deployDirectory Deploying web application directory [C:\dev\dbProject\apache-tomcat\webapps\docs]
11-Mar-2024 15:51:09.812 INFO [main] org.apache.catalina.startup.HostConfig.deployDirectory Deployment of web application directory [C:\dev\dbProject\apache-tomcat\webapps\docs] has finished in [25] ms
11-Mar-2024 15:51:09.812 INFO [main] org.apache.catalina.startup.HostConfig.deployDirectory Deploying web application directory [C:\dev\dbProject\apache-tomcat\webapps\examples]
11-Mar-2024 15:51:10.106 INFO [main] org.apache.catalina.startup.HostConfig.deployDirectory Deployment of web application directory [C:\dev\dbProject\apache-tomcat\webapps\examples] has finished in [293] ms
11-Mar-2024 15:51:10.106 INFO [main] org.apache.catalina.startup.HostConfig.deployDirectory Deploying web application directory [C:\dev\dbProject\apache-tomcat\webapps\host-manager]
11-Mar-2024 15:51:10.134 INFO [main] org.apache.catalina.startup.HostConfig.deployDirectory Deployment of web application directory [C:\dev\dbProject\apache-tomcat\webapps\host-manager] has finished in [28] ms
11-Mar-2024 15:51:10.135 INFO [main] org.apache.catalina.startup.HostConfig.deployDirectory Deploying web application directory [C:\dev\dbProject\apache-tomcat\webapps\manager]
11-Mar-2024 15:51:10.160 INFO [main] org.apache.catalina.startup.HostConfig.deployDirectory Deployment of web application directory [C:\dev\dbProject\apache-tomcat\webapps\manager] has finished in [25] ms
11-Mar-2024 15:51:10.160 INFO [main] org.apache.catalina.startup.HostConfig.deployDirectory Deploying web application directory [C:\dev\dbProject\apache-tomcat\webapps\ROOT]
11-Mar-2024 15:51:10.177 INFO [main] org.apache.catalina.startup.HostConfig.deployDirectory Deployment of web application directory [C:\dev\dbProject\apache-tomcat\webapps\ROOT] has finished in [17] ms
11-Mar-2024 15:51:10.180 INFO [main] org.apache.coyote.AbstractProtocol.start Starting ProtocolHandler ["http-nio-8080"]
11-Mar-2024 15:51:10.204 INFO [main] org.apache.catalina.startup.Catalina.start Server startup in [711] milliseconds
11-Mar-2024 15:52:14.610 INFO [main] org.apache.catalina.startup.VersionLoggerListener.log Server version name:   Apache Tomcat/10.1.19
11-Mar-2024 15:52:14.613 INFO [main] org.apache.catalina.startup.VersionLoggerListener.log Server built:          Feb 14 2024 19:36:50 UTC
11-Mar-2024 15:52:14.613 INFO [main] org.apache.catalina.startup.VersionLoggerListener.log Server version number: 10.1.19.0
11-Mar-2024 15:52:14.613 INFO [main] org.apache.catalina.startup.VersionLoggerListener.log OS Name:               Windows 11
11-Mar-2024 15:52:14.614 INFO [main] org.apache.catalina.startup.VersionLoggerListener.log OS Version:            10.0
11-Mar-2024 15:52:14.614 INFO [main] org.apache.catalina.startup.VersionLoggerListener.log Architecture:          amd64
11-Mar-2024 15:52:14.614 INFO [main] org.apache.catalina.startup.VersionLoggerListener.log Java Home:             C:\Program Files\Java\jdk-17
11-Mar-2024 15:52:14.614 INFO [main] org.apache.catalina.startup.VersionLoggerListener.log JVM Version:           17.0.10+11-LTS-240
11-Mar-2024 15:52:14.614 INFO [main] org.apache.catalina.startup.VersionLoggerListener.log JVM Vendor:            Oracle Corporation
11-Mar-2024 15:52:14.614 INFO [main] org.apache.catalina.startup.VersionLoggerListener.log CATALINA_BASE:         C:\dev\dbProject\apache-tomcat
11-Mar-2024 15:52:14.614 INFO [main] org.apache.catalina.startup.VersionLoggerListener.log CATALINA_HOME:         C:\dev\dbProject\apache-tomcat
11-Mar-2024 15:52:14.621 INFO [main] org.apache.catalina.startup.VersionLoggerListener.log Command line argument: -Djava.util.logging.config.file=C:\dev\dbProject\apache-tomcat\conf\logging.properties
11-Mar-2024 15:52:14.621 INFO [main] org.apache.catalina.startup.VersionLoggerListener.log Command line argument: -Djava.util.logging.manager=org.apache.juli.ClassLoaderLogManager
11-Mar-2024 15:52:14.622 INFO [main] org.apache.catalina.startup.VersionLoggerListener.log Command line argument: -Djdk.tls.ephemeralDHKeySize=2048
11-Mar-2024 15:52:14.622 INFO [main] org.apache.catalina.startup.VersionLoggerListener.log Command line argument: -Djava.protocol.handler.pkgs=org.apache.catalina.webresources
11-Mar-2024 15:52:14.622 INFO [main] org.apache.catalina.startup.VersionLoggerListener.log Command line argument: --add-opens=java.base/java.lang=ALL-UNNAMED
11-Mar-2024 15:52:14.622 INFO [main] org.apache.catalina.startup.VersionLoggerListener.log Command line argument: --add-opens=java.base/java.io=ALL-UNNAMED
11-Mar-2024 15:52:14.622 INFO [main] org.apache.catalina.startup.VersionLoggerListener.log Command line argument: --add-opens=java.base/java.util=ALL-UNNAMED
11-Mar-2024 15:52:14.622 INFO [main] org.apache.catalina.startup.VersionLoggerListener.log Command line argument: --add-opens=java.base/java.util.concurrent=ALL-UNNAMED
11-Mar-2024 15:52:14.623 INFO [main] org.apache.catalina.startup.VersionLoggerListener.log Command line argument: --add-opens=java.rmi/sun.rmi.transport=ALL-UNNAMED
11-Mar-2024 15:52:14.623 INFO [main] org.apache.catalina.startup.VersionLoggerListener.log Command line argument: -Dcatalina.base=C:\dev\dbProject\apache-tomcat
11-Mar-2024 15:52:14.623 INFO [main] org.apache.catalina.startup.VersionLoggerListener.log Command line argument: -Dcatalina.home=C:\dev\dbProject\apache-tomcat
11-Mar-2024 15:52:14.623 INFO [main] org.apache.catalina.startup.VersionLoggerListener.log Command line argument: -Djava.io.tmpdir=C:\dev\dbProject\apache-tomcat\temp
11-Mar-2024 15:52:14.625 INFO [main] org.apache.catalina.core.AprLifecycleListener.lifecycleEvent Loaded Apache Tomcat Native library [2.0.7] using APR version [1.7.4].
11-Mar-2024 15:52:14.629 INFO [main] org.apache.catalina.core.AprLifecycleListener.initializeSSL OpenSSL successfully initialized [OpenSSL 3.0.13 30 Jan 2024]
11-Mar-2024 15:52:14.802 INFO [main] org.apache.coyote.AbstractProtocol.init Initializing ProtocolHandler ["http-nio-8080"]
11-Mar-2024 15:52:14.823 INFO [main] org.apache.catalina.startup.Catalina.load Server initialization in [341] milliseconds
11-Mar-2024 15:52:14.862 INFO [main] org.apache.catalina.core.StandardService.startInternal Starting service [Catalina]
11-Mar-2024 15:52:14.862 INFO [main] org.apache.catalina.core.StandardEngine.startInternal Starting Servlet engine: [Apache Tomcat/10.1.19]
11-Mar-2024 15:52:14.869 INFO [main] org.apache.catalina.startup.HostConfig.deployDirectory Deploying web application directory [C:\dev\dbProject\apache-tomcat\webapps\DBProject]
11-Mar-2024 15:52:15.126 INFO [main] org.apache.catalina.startup.HostConfig.deployDirectory Deployment of web application directory [C:\dev\dbProject\apache-tomcat\webapps\DBProject] has finished in [257] ms
11-Mar-2024 15:52:15.127 INFO [main] org.apache.catalina.startup.HostConfig.deployDirectory Deploying web application directory [C:\dev\dbProject\apache-tomcat\webapps\docs]
11-Mar-2024 15:52:15.150 INFO [main] org.apache.catalina.startup.HostConfig.deployDirectory Deployment of web application directory [C:\dev\dbProject\apache-tomcat\webapps\docs] has finished in [23] ms
11-Mar-2024 15:52:15.150 INFO [main] org.apache.catalina.startup.HostConfig.deployDirectory Deploying web application directory [C:\dev\dbProject\apache-tomcat\webapps\examples]
11-Mar-2024 15:52:15.421 INFO [main] org.apache.catalina.startup.HostConfig.deployDirectory Deployment of web application directory [C:\dev\dbProject\apache-tomcat\webapps\examples] has finished in [271] ms
11-Mar-2024 15:52:15.422 INFO [main] org.apache.catalina.startup.HostConfig.deployDirectory Deploying web application directory [C:\dev\dbProject\apache-tomcat\webapps\host-manager]
11-Mar-2024 15:52:15.448 INFO [main] org.apache.catalina.startup.HostConfig.deployDirectory Deployment of web application directory [C:\dev\dbProject\apache-tomcat\webapps\host-manager] has finished in [26] ms
11-Mar-2024 15:52:15.448 INFO [main] org.apache.catalina.startup.HostConfig.deployDirectory Deploying web application directory [C:\dev\dbProject\apache-tomcat\webapps\manager]
11-Mar-2024 15:52:15.471 INFO [main] org.apache.catalina.startup.HostConfig.deployDirectory Deployment of web application directory [C:\dev\dbProject\apache-tomcat\webapps\manager] has finished in [23] ms
11-Mar-2024 15:52:15.472 INFO [main] org.apache.catalina.startup.HostConfig.deployDirectory Deploying web application directory [C:\dev\dbProject\apache-tomcat\webapps\ROOT]
11-Mar-2024 15:52:15.487 INFO [main] org.apache.catalina.startup.HostConfig.deployDirectory Deployment of web application directory [C:\dev\dbProject\apache-tomcat\webapps\ROOT] has finished in [16] ms
11-Mar-2024 15:52:15.491 INFO [main] org.apache.coyote.AbstractProtocol.start Starting ProtocolHandler ["http-nio-8080"]
11-Mar-2024 15:52:15.519 INFO [main] org.apache.catalina.startup.Catalina.start Server startup in [696] milliseconds
11-Mar-2024 22:00:50.388 INFO [main] org.apache.catalina.startup.VersionLoggerListener.log Server version name:   Apache Tomcat/10.1.19
11-Mar-2024 22:00:50.391 INFO [main] org.apache.catalina.startup.VersionLoggerListener.log Server built:          Feb 14 2024 19:36:50 UTC
11-Mar-2024 22:00:50.391 INFO [main] org.apache.catalina.startup.VersionLoggerListener.log Server version number: 10.1.19.0
11-Mar-2024 22:00:50.392 INFO [main] org.apache.catalina.startup.VersionLoggerListener.log OS Name:               Windows 11
11-Mar-2024 22:00:50.392 INFO [main] org.apache.catalina.startup.VersionLoggerListener.log OS Version:            10.0
11-Mar-2024 22:00:50.392 INFO [main] org.apache.catalina.startup.VersionLoggerListener.log Architecture:          amd64
11-Mar-2024 22:00:50.392 INFO [main] org.apache.catalina.startup.VersionLoggerListener.log Java Home:             C:\Program Files\Java\jdk-17
11-Mar-2024 22:00:50.392 INFO [main] org.apache.catalina.startup.VersionLoggerListener.log JVM Version:           17.0.10+11-LTS-240
11-Mar-2024 22:00:50.392 INFO [main] org.apache.catalina.startup.VersionLoggerListener.log JVM Vendor:            Oracle Corporation
11-Mar-2024 22:00:50.392 INFO [main] org.apache.catalina.startup.VersionLoggerListener.log CATALINA_BASE:         C:\dev\dbProject\apache-tomcat
11-Mar-2024 22:00:50.392 INFO [main] org.apache.catalina.startup.VersionLoggerListener.log CATALINA_HOME:         C:\dev\dbProject\apache-tomcat
11-Mar-2024 22:00:50.402 INFO [main] org.apache.catalina.startup.VersionLoggerListener.log Command line argument: -Djava.util.logging.config.file=C:\dev\dbProject\apache-tomcat\conf\logging.properties
11-Mar-2024 22:00:50.402 INFO [main] org.apache.catalina.startup.VersionLoggerListener.log Command line argument: -Djava.util.logging.manager=org.apache.juli.ClassLoaderLogManager
11-Mar-2024 22:00:50.402 INFO [main] org.apache.catalina.startup.VersionLoggerListener.log Command line argument: -Djdk.tls.ephemeralDHKeySize=2048
11-Mar-2024 22:00:50.402 INFO [main] org.apache.catalina.startup.VersionLoggerListener.log Command line argument: -Djava.protocol.handler.pkgs=org.apache.catalina.webresources
11-Mar-2024 22:00:50.402 INFO [main] org.apache.catalina.startup.VersionLoggerListener.log Command line argument: --add-opens=java.base/java.lang=ALL-UNNAMED
11-Mar-2024 22:00:50.402 INFO [main] org.apache.catalina.startup.VersionLoggerListener.log Command line argument: --add-opens=java.base/java.io=ALL-UNNAMED
11-Mar-2024 22:00:50.402 INFO [main] org.apache.catalina.startup.VersionLoggerListener.log Command line argument: --add-opens=java.base/java.util=ALL-UNNAMED
11-Mar-2024 22:00:50.402 INFO [main] org.apache.catalina.startup.VersionLoggerListener.log Command line argument: --add-opens=java.base/java.util.concurrent=ALL-UNNAMED
11-Mar-2024 22:00:50.402 INFO [main] org.apache.catalina.startup.VersionLoggerListener.log Command line argument: --add-opens=java.rmi/sun.rmi.transport=ALL-UNNAMED
11-Mar-2024 22:00:50.402 INFO [main] org.apache.catalina.startup.VersionLoggerListener.log Command line argument: -Dcatalina.base=C:\dev\dbProject\apache-tomcat
11-Mar-2024 22:00:50.402 INFO [main] org.apache.catalina.startup.VersionLoggerListener.log Command line argument: -Dcatalina.home=C:\dev\dbProject\apache-tomcat
11-Mar-2024 22:00:50.402 INFO [main] org.apache.catalina.startup.VersionLoggerListener.log Command line argument: -Djava.io.tmpdir=C:\dev\dbProject\apache-tomcat\temp
11-Mar-2024 22:00:50.402 INFO [main] org.apache.catalina.core.AprLifecycleListener.lifecycleEvent Loaded Apache Tomcat Native library [2.0.7] using APR version [1.7.4].
11-Mar-2024 22:00:50.410 INFO [main] org.apache.catalina.core.AprLifecycleListener.initializeSSL OpenSSL successfully initialized [OpenSSL 3.0.13 30 Jan 2024]
11-Mar-2024 22:00:50.583 INFO [main] org.apache.coyote.AbstractProtocol.init Initializing ProtocolHandler ["http-nio-8080"]
11-Mar-2024 22:00:50.599 INFO [main] org.apache.catalina.startup.Catalina.load Server initialization in [340] milliseconds
11-Mar-2024 22:00:50.632 INFO [main] org.apache.catalina.core.StandardService.startInternal Starting service [Catalina]
11-Mar-2024 22:00:50.632 INFO [main] org.apache.catalina.core.StandardEngine.startInternal Starting Servlet engine: [Apache Tomcat/10.1.19]
11-Mar-2024 22:00:50.643 INFO [main] org.apache.catalina.startup.HostConfig.deployDirectory Deploying web application directory [C:\dev\dbProject\apache-tomcat\webapps\DBProject]
11-Mar-2024 22:00:50.898 INFO [main] org.apache.catalina.startup.HostConfig.deployDirectory Deployment of web application directory [C:\dev\dbProject\apache-tomcat\webapps\DBProject] has finished in [255] ms
11-Mar-2024 22:00:50.898 INFO [main] org.apache.catalina.startup.HostConfig.deployDirectory Deploying web application directory [C:\dev\dbProject\apache-tomcat\webapps\docs]
11-Mar-2024 22:00:50.922 INFO [main] org.apache.catalina.startup.HostConfig.deployDirectory Deployment of web application directory [C:\dev\dbProject\apache-tomcat\webapps\docs] has finished in [24] ms
11-Mar-2024 22:00:50.922 INFO [main] org.apache.catalina.startup.HostConfig.deployDirectory Deploying web application directory [C:\dev\dbProject\apache-tomcat\webapps\examples]
11-Mar-2024 22:00:51.188 INFO [main] org.apache.catalina.startup.HostConfig.deployDirectory Deployment of web application directory [C:\dev\dbProject\apache-tomcat\webapps\examples] has finished in [266] ms
11-Mar-2024 22:00:51.188 INFO [main] org.apache.catalina.startup.HostConfig.deployDirectory Deploying web application directory [C:\dev\dbProject\apache-tomcat\webapps\host-manager]
11-Mar-2024 22:00:51.223 INFO [main] org.apache.catalina.startup.HostConfig.deployDirectory Deployment of web application directory [C:\dev\dbProject\apache-tomcat\webapps\host-manager] has finished in [34] ms
11-Mar-2024 22:00:51.223 INFO [main] org.apache.catalina.startup.HostConfig.deployDirectory Deploying web application directory [C:\dev\dbProject\apache-tomcat\webapps\manager]
11-Mar-2024 22:00:51.246 INFO [main] org.apache.catalina.startup.HostConfig.deployDirectory Deployment of web application directory [C:\dev\dbProject\apache-tomcat\webapps\manager] has finished in [23] ms
11-Mar-2024 22:00:51.247 INFO [main] org.apache.catalina.startup.HostConfig.deployDirectory Deploying web application directory [C:\dev\dbProject\apache-tomcat\webapps\ROOT]
11-Mar-2024 22:00:51.256 INFO [main] org.apache.catalina.startup.HostConfig.deployDirectory Deployment of web application directory [C:\dev\dbProject\apache-tomcat\webapps\ROOT] has finished in [9] ms
11-Mar-2024 22:00:51.267 INFO [main] org.apache.coyote.AbstractProtocol.start Starting ProtocolHandler ["http-nio-8080"]
11-Mar-2024 22:00:51.289 INFO [main] org.apache.catalina.startup.Catalina.start Server startup in [688] milliseconds
11-Mar-2024 23:39:54.366 INFO [main] org.apache.catalina.startup.VersionLoggerListener.log Server version name:   Apache Tomcat/10.1.19
11-Mar-2024 23:39:54.370 INFO [main] org.apache.catalina.startup.VersionLoggerListener.log Server built:          Feb 14 2024 19:36:50 UTC
11-Mar-2024 23:39:54.370 INFO [main] org.apache.catalina.startup.VersionLoggerListener.log Server version number: 10.1.19.0
11-Mar-2024 23:39:54.370 INFO [main] org.apache.catalina.startup.VersionLoggerListener.log OS Name:               Windows 11
11-Mar-2024 23:39:54.370 INFO [main] org.apache.catalina.startup.VersionLoggerListener.log OS Version:            10.0
11-Mar-2024 23:39:54.370 INFO [main] org.apache.catalina.startup.VersionLoggerListener.log Architecture:          amd64
11-Mar-2024 23:39:54.371 INFO [main] org.apache.catalina.startup.VersionLoggerListener.log Java Home:             C:\Program Files\Java\jdk-17
11-Mar-2024 23:39:54.371 INFO [main] org.apache.catalina.startup.VersionLoggerListener.log JVM Version:           17.0.10+11-LTS-240
11-Mar-2024 23:39:54.371 INFO [main] org.apache.catalina.startup.VersionLoggerListener.log JVM Vendor:            Oracle Corporation
11-Mar-2024 23:39:54.371 INFO [main] org.apache.catalina.startup.VersionLoggerListener.log CATALINA_BASE:         C:\dev\dbProject\apache-tomcat
11-Mar-2024 23:39:54.371 INFO [main] org.apache.catalina.startup.VersionLoggerListener.log CATALINA_HOME:         C:\dev\dbProject\apache-tomcat
11-Mar-2024 23:39:54.380 INFO [main] org.apache.catalina.startup.VersionLoggerListener.log Command line argument: -Djava.util.logging.config.file=C:\dev\dbProject\apache-tomcat\conf\logging.properties
11-Mar-2024 23:39:54.380 INFO [main] org.apache.catalina.startup.VersionLoggerListener.log Command line argument: -Djava.util.logging.manager=org.apache.juli.ClassLoaderLogManager
11-Mar-2024 23:39:54.380 INFO [main] org.apache.catalina.startup.VersionLoggerListener.log Command line argument: -Djdk.tls.ephemeralDHKeySize=2048
11-Mar-2024 23:39:54.380 INFO [main] org.apache.catalina.startup.VersionLoggerListener.log Command line argument: -Djava.protocol.handler.pkgs=org.apache.catalina.webresources
11-Mar-2024 23:39:54.380 INFO [main] org.apache.catalina.startup.VersionLoggerListener.log Command line argument: --add-opens=java.base/java.lang=ALL-UNNAMED
11-Mar-2024 23:39:54.380 INFO [main] org.apache.catalina.startup.VersionLoggerListener.log Command line argument: --add-opens=java.base/java.io=ALL-UNNAMED
11-Mar-2024 23:39:54.381 INFO [main] org.apache.catalina.startup.VersionLoggerListener.log Command line argument: --add-opens=java.base/java.util=ALL-UNNAMED
11-Mar-2024 23:39:54.381 INFO [main] org.apache.catalina.startup.VersionLoggerListener.log Command line argument: --add-opens=java.base/java.util.concurrent=ALL-UNNAMED
11-Mar-2024 23:39:54.381 INFO [main] org.apache.catalina.startup.VersionLoggerListener.log Command line argument: --add-opens=java.rmi/sun.rmi.transport=ALL-UNNAMED
11-Mar-2024 23:39:54.381 INFO [main] org.apache.catalina.startup.VersionLoggerListener.log Command line argument: -Dcatalina.base=C:\dev\dbProject\apache-tomcat
11-Mar-2024 23:39:54.381 INFO [main] org.apache.catalina.startup.VersionLoggerListener.log Command line argument: -Dcatalina.home=C:\dev\dbProject\apache-tomcat
11-Mar-2024 23:39:54.382 INFO [main] org.apache.catalina.startup.VersionLoggerListener.log Command line argument: -Djava.io.tmpdir=C:\dev\dbProject\apache-tomcat\temp
11-Mar-2024 23:39:54.383 INFO [main] org.apache.catalina.core.AprLifecycleListener.lifecycleEvent Loaded Apache Tomcat Native library [2.0.7] using APR version [1.7.4].
11-Mar-2024 23:39:54.388 INFO [main] org.apache.catalina.core.AprLifecycleListener.initializeSSL OpenSSL successfully initialized [OpenSSL 3.0.13 30 Jan 2024]
11-Mar-2024 23:39:54.564 INFO [main] org.apache.coyote.AbstractProtocol.init Initializing ProtocolHandler ["http-nio-8080"]
11-Mar-2024 23:39:54.584 INFO [main] org.apache.catalina.startup.Catalina.load Server initialization in [354] milliseconds
11-Mar-2024 23:39:54.622 INFO [main] org.apache.catalina.core.StandardService.startInternal Starting service [Catalina]
11-Mar-2024 23:39:54.622 INFO [main] org.apache.catalina.core.StandardEngine.startInternal Starting Servlet engine: [Apache Tomcat/10.1.19]
11-Mar-2024 23:39:54.633 INFO [main] org.apache.catalina.startup.HostConfig.deployDirectory Deploying web application directory [C:\dev\dbProject\apache-tomcat\webapps\DBProject]
11-Mar-2024 23:39:54.894 INFO [main] org.apache.jasper.servlet.TldScanner.scanJars At least one JAR was scanned for TLDs yet contained no TLDs. Enable debug logging for this logger for a complete list of JARs that were scanned but no TLDs were found in them. Skipping unneeded JARs during scanning can improve startup time and JSP compilation time.
11-Mar-2024 23:39:54.946 INFO [main] org.apache.catalina.startup.HostConfig.deployDirectory Deployment of web application directory [C:\dev\dbProject\apache-tomcat\webapps\DBProject] has finished in [313] ms
11-Mar-2024 23:39:54.946 INFO [main] org.apache.catalina.startup.HostConfig.deployDirectory Deploying web application directory [C:\dev\dbProject\apache-tomcat\webapps\docs]
11-Mar-2024 23:39:54.970 INFO [main] org.apache.catalina.startup.HostConfig.deployDirectory Deployment of web application directory [C:\dev\dbProject\apache-tomcat\webapps\docs] has finished in [24] ms
11-Mar-2024 23:39:54.971 INFO [main] org.apache.catalina.startup.HostConfig.deployDirectory Deploying web application directory [C:\dev\dbProject\apache-tomcat\webapps\examples]
11-Mar-2024 23:39:55.222 INFO [main] org.apache.catalina.startup.HostConfig.deployDirectory Deployment of web application directory [C:\dev\dbProject\apache-tomcat\webapps\examples] has finished in [250] ms
11-Mar-2024 23:39:55.223 INFO [main] org.apache.catalina.startup.HostConfig.deployDirectory Deploying web application directory [C:\dev\dbProject\apache-tomcat\webapps\host-manager]
11-Mar-2024 23:39:55.248 INFO [main] org.apache.catalina.startup.HostConfig.deployDirectory Deployment of web application directory [C:\dev\dbProject\apache-tomcat\webapps\host-manager] has finished in [25] ms
11-Mar-2024 23:39:55.249 INFO [main] org.apache.catalina.startup.HostConfig.deployDirectory Deploying web application directory [C:\dev\dbProject\apache-tomcat\webapps\manager]
11-Mar-2024 23:39:55.275 INFO [main] org.apache.catalina.startup.HostConfig.deployDirectory Deployment of web application directory [C:\dev\dbProject\apache-tomcat\webapps\manager] has finished in [26] ms
11-Mar-2024 23:39:55.276 INFO [main] org.apache.catalina.startup.HostConfig.deployDirectory Deploying web application directory [C:\dev\dbProject\apache-tomcat\webapps\ROOT]
11-Mar-2024 23:39:55.291 INFO [main] org.apache.catalina.startup.HostConfig.deployDirectory Deployment of web application directory [C:\dev\dbProject\apache-tomcat\webapps\ROOT] has finished in [15] ms
11-Mar-2024 23:39:55.296 INFO [main] org.apache.coyote.AbstractProtocol.start Starting ProtocolHandler ["http-nio-8080"]
11-Mar-2024 23:39:55.317 INFO [main] org.apache.catalina.startup.Catalina.start Server startup in [732] milliseconds
