12-Mar-2024 13:25:33.624 INFO [main] org.apache.catalina.startup.VersionLoggerListener.log Server version name:   Apache Tomcat/10.1.19
12-Mar-2024 13:25:33.644 INFO [main] org.apache.catalina.startup.VersionLoggerListener.log Server built:          Feb 14 2024 19:36:50 UTC
12-Mar-2024 13:25:33.646 INFO [main] org.apache.catalina.startup.VersionLoggerListener.log Server version number: 10.1.19.0
12-Mar-2024 13:25:33.647 INFO [main] org.apache.catalina.startup.VersionLoggerListener.log OS Name:               Windows 11
12-Mar-2024 13:25:33.647 INFO [main] org.apache.catalina.startup.VersionLoggerListener.log OS Version:            10.0
12-Mar-2024 13:25:33.648 INFO [main] org.apache.catalina.startup.VersionLoggerListener.log Architecture:          amd64
12-Mar-2024 13:25:33.648 INFO [main] org.apache.catalina.startup.VersionLoggerListener.log Java Home:             C:\Program Files\Java\jdk-19
12-Mar-2024 13:25:33.649 INFO [main] org.apache.catalina.startup.VersionLoggerListener.log JVM Version:           19.0.1+10-21
12-Mar-2024 13:25:33.651 INFO [main] org.apache.catalina.startup.VersionLoggerListener.log JVM Vendor:            Oracle Corporation
12-Mar-2024 13:25:33.654 INFO [main] org.apache.catalina.startup.VersionLoggerListener.log CATALINA_BASE:         C:\Users\gabri\OneDrive\Documents\UNI\2023-2024\winter\CSI2532\project\code\dbProject\apache-tomcat
12-Mar-2024 13:25:33.656 INFO [main] org.apache.catalina.startup.VersionLoggerListener.log CATALINA_HOME:         C:\Users\gabri\OneDrive\Documents\UNI\2023-2024\winter\CSI2532\project\code\dbProject\apache-tomcat
12-Mar-2024 13:25:33.784 INFO [main] org.apache.catalina.startup.VersionLoggerListener.log Command line argument: -Djava.util.logging.config.file=C:\Users\gabri\OneDrive\Documents\UNI\2023-2024\winter\CSI2532\project\code\dbProject\apache-tomcat\conf\logging.properties
12-Mar-2024 13:25:33.790 INFO [main] org.apache.catalina.startup.VersionLoggerListener.log Command line argument: -Djava.util.logging.manager=org.apache.juli.ClassLoaderLogManager
12-Mar-2024 13:25:33.795 INFO [main] org.apache.catalina.startup.VersionLoggerListener.log Command line argument: -Djdk.tls.ephemeralDHKeySize=2048
12-Mar-2024 13:25:33.799 INFO [main] org.apache.catalina.startup.VersionLoggerListener.log Command line argument: -Djava.protocol.handler.pkgs=org.apache.catalina.webresources
12-Mar-2024 13:25:33.801 INFO [main] org.apache.catalina.startup.VersionLoggerListener.log Command line argument: --add-opens=java.base/java.lang=ALL-UNNAMED
12-Mar-2024 13:25:33.806 INFO [main] org.apache.catalina.startup.VersionLoggerListener.log Command line argument: --add-opens=java.base/java.io=ALL-UNNAMED
12-Mar-2024 13:25:33.812 INFO [main] org.apache.catalina.startup.VersionLoggerListener.log Command line argument: --add-opens=java.base/java.util=ALL-UNNAMED
12-Mar-2024 13:25:33.817 INFO [main] org.apache.catalina.startup.VersionLoggerListener.log Command line argument: --add-opens=java.base/java.util.concurrent=ALL-UNNAMED
12-Mar-2024 13:25:33.822 INFO [main] org.apache.catalina.startup.VersionLoggerListener.log Command line argument: --add-opens=java.rmi/sun.rmi.transport=ALL-UNNAMED
12-Mar-2024 13:25:33.827 INFO [main] org.apache.catalina.startup.VersionLoggerListener.log Command line argument: -Dcatalina.base=C:\Users\gabri\OneDrive\Documents\UNI\2023-2024\winter\CSI2532\project\code\dbProject\apache-tomcat
12-Mar-2024 13:25:33.831 INFO [main] org.apache.catalina.startup.VersionLoggerListener.log Command line argument: -Dcatalina.home=C:\Users\gabri\OneDrive\Documents\UNI\2023-2024\winter\CSI2532\project\code\dbProject\apache-tomcat
12-Mar-2024 13:25:33.834 INFO [main] org.apache.catalina.startup.VersionLoggerListener.log Command line argument: -Djava.io.tmpdir=C:\Users\gabri\OneDrive\Documents\UNI\2023-2024\winter\CSI2532\project\code\dbProject\apache-tomcat\temp
12-Mar-2024 13:25:33.844 INFO [main] org.apache.catalina.core.AprLifecycleListener.lifecycleEvent Loaded Apache Tomcat Native library [2.0.7] using APR version [1.7.4].
12-Mar-2024 13:25:33.853 INFO [main] org.apache.catalina.core.AprLifecycleListener.initializeSSL OpenSSL successfully initialized [OpenSSL 3.0.13 30 Jan 2024]
12-Mar-2024 13:25:34.947 INFO [main] org.apache.coyote.AbstractProtocol.init Initializing ProtocolHandler ["http-nio-8080"]
12-Mar-2024 13:25:35.177 INFO [main] org.apache.catalina.startup.Catalina.load Server initialization in [2137] milliseconds
12-Mar-2024 13:25:35.937 INFO [main] org.apache.catalina.core.StandardService.startInternal Starting service [Catalina]
12-Mar-2024 13:25:35.938 INFO [main] org.apache.catalina.core.StandardEngine.startInternal Starting Servlet engine: [Apache Tomcat/10.1.19]
12-Mar-2024 13:25:35.973 INFO [main] org.apache.catalina.startup.HostConfig.deployDirectory Deploying web application directory [C:\Users\gabri\OneDrive\Documents\UNI\2023-2024\winter\CSI2532\project\code\dbProject\apache-tomcat\webapps\DBProject]
12-Mar-2024 13:25:38.233 INFO [main] org.apache.jasper.servlet.TldScanner.scanJars At least one JAR was scanned for TLDs yet contained no TLDs. Enable debug logging for this logger for a complete list of JARs that were scanned but no TLDs were found in them. Skipping unneeded JARs during scanning can improve startup time and JSP compilation time.
12-Mar-2024 13:25:38.415 INFO [main] org.apache.catalina.startup.HostConfig.deployDirectory Deployment of web application directory [C:\Users\gabri\OneDrive\Documents\UNI\2023-2024\winter\CSI2532\project\code\dbProject\apache-tomcat\webapps\DBProject] has finished in [2,432] ms
12-Mar-2024 13:25:38.421 INFO [main] org.apache.catalina.startup.HostConfig.deployDirectory Deploying web application directory [C:\Users\gabri\OneDrive\Documents\UNI\2023-2024\winter\CSI2532\project\code\dbProject\apache-tomcat\webapps\docs]
12-Mar-2024 13:25:38.581 INFO [main] org.apache.catalina.startup.HostConfig.deployDirectory Deployment of web application directory [C:\Users\gabri\OneDrive\Documents\UNI\2023-2024\winter\CSI2532\project\code\dbProject\apache-tomcat\webapps\docs] has finished in [158] ms
12-Mar-2024 13:25:38.588 INFO [main] org.apache.catalina.startup.HostConfig.deployDirectory Deploying web application directory [C:\Users\gabri\OneDrive\Documents\UNI\2023-2024\winter\CSI2532\project\code\dbProject\apache-tomcat\webapps\examples]
12-Mar-2024 13:25:40.272 INFO [main] org.apache.catalina.startup.HostConfig.deployDirectory Deployment of web application directory [C:\Users\gabri\OneDrive\Documents\UNI\2023-2024\winter\CSI2532\project\code\dbProject\apache-tomcat\webapps\examples] has finished in [1,686] ms
12-Mar-2024 13:25:40.276 INFO [main] org.apache.catalina.startup.HostConfig.deployDirectory Deploying web application directory [C:\Users\gabri\OneDrive\Documents\UNI\2023-2024\winter\CSI2532\project\code\dbProject\apache-tomcat\webapps\host-manager]
12-Mar-2024 13:25:40.544 INFO [main] org.apache.catalina.startup.HostConfig.deployDirectory Deployment of web application directory [C:\Users\gabri\OneDrive\Documents\UNI\2023-2024\winter\CSI2532\project\code\dbProject\apache-tomcat\webapps\host-manager] has finished in [263] ms
12-Mar-2024 13:25:40.551 INFO [main] org.apache.catalina.startup.HostConfig.deployDirectory Deploying web application directory [C:\Users\gabri\OneDrive\Documents\UNI\2023-2024\winter\CSI2532\project\code\dbProject\apache-tomcat\webapps\manager]
12-Mar-2024 13:25:40.687 INFO [main] org.apache.catalina.startup.HostConfig.deployDirectory Deployment of web application directory [C:\Users\gabri\OneDrive\Documents\UNI\2023-2024\winter\CSI2532\project\code\dbProject\apache-tomcat\webapps\manager] has finished in [133] ms
12-Mar-2024 13:25:40.698 INFO [main] org.apache.catalina.startup.HostConfig.deployDirectory Deploying web application directory [C:\Users\gabri\OneDrive\Documents\UNI\2023-2024\winter\CSI2532\project\code\dbProject\apache-tomcat\webapps\ROOT]
12-Mar-2024 13:25:40.766 INFO [main] org.apache.catalina.startup.HostConfig.deployDirectory Deployment of web application directory [C:\Users\gabri\OneDrive\Documents\UNI\2023-2024\winter\CSI2532\project\code\dbProject\apache-tomcat\webapps\ROOT] has finished in [69] ms
12-Mar-2024 13:25:40.879 INFO [main] org.apache.coyote.AbstractProtocol.start Starting ProtocolHandler ["http-nio-8080"]
12-Mar-2024 13:25:41.295 INFO [main] org.apache.catalina.startup.Catalina.start Server startup in [6100] milliseconds
12-Mar-2024 20:04:57.976 INFO [main] org.apache.catalina.startup.VersionLoggerListener.log Server version name:   Apache Tomcat/10.1.19
12-Mar-2024 20:04:57.979 INFO [main] org.apache.catalina.startup.VersionLoggerListener.log Server built:          Feb 14 2024 19:36:50 UTC
12-Mar-2024 20:04:57.980 INFO [main] org.apache.catalina.startup.VersionLoggerListener.log Server version number: 10.1.19.0
12-Mar-2024 20:04:57.980 INFO [main] org.apache.catalina.startup.VersionLoggerListener.log OS Name:               Windows 11
12-Mar-2024 20:04:57.980 INFO [main] org.apache.catalina.startup.VersionLoggerListener.log OS Version:            10.0
12-Mar-2024 20:04:57.980 INFO [main] org.apache.catalina.startup.VersionLoggerListener.log Architecture:          amd64
12-Mar-2024 20:04:57.981 INFO [main] org.apache.catalina.startup.VersionLoggerListener.log Java Home:             C:\Program Files\Java\jdk-17
12-Mar-2024 20:04:57.981 INFO [main] org.apache.catalina.startup.VersionLoggerListener.log JVM Version:           17.0.10+11-LTS-240
12-Mar-2024 20:04:57.981 INFO [main] org.apache.catalina.startup.VersionLoggerListener.log JVM Vendor:            Oracle Corporation
12-Mar-2024 20:04:57.982 INFO [main] org.apache.catalina.startup.VersionLoggerListener.log CATALINA_BASE:         C:\dev\dbProject\apache-tomcat
12-Mar-2024 20:04:57.982 INFO [main] org.apache.catalina.startup.VersionLoggerListener.log CATALINA_HOME:         C:\dev\dbProject\apache-tomcat
12-Mar-2024 20:04:57.989 INFO [main] org.apache.catalina.startup.VersionLoggerListener.log Command line argument: -Djava.util.logging.config.file=C:\dev\dbProject\apache-tomcat\conf\logging.properties
12-Mar-2024 20:04:57.989 INFO [main] org.apache.catalina.startup.VersionLoggerListener.log Command line argument: -Djava.util.logging.manager=org.apache.juli.ClassLoaderLogManager
12-Mar-2024 20:04:57.989 INFO [main] org.apache.catalina.startup.VersionLoggerListener.log Command line argument: -Djdk.tls.ephemeralDHKeySize=2048
12-Mar-2024 20:04:57.989 INFO [main] org.apache.catalina.startup.VersionLoggerListener.log Command line argument: -Djava.protocol.handler.pkgs=org.apache.catalina.webresources
12-Mar-2024 20:04:57.990 INFO [main] org.apache.catalina.startup.VersionLoggerListener.log Command line argument: --add-opens=java.base/java.lang=ALL-UNNAMED
12-Mar-2024 20:04:57.990 INFO [main] org.apache.catalina.startup.VersionLoggerListener.log Command line argument: --add-opens=java.base/java.io=ALL-UNNAMED
12-Mar-2024 20:04:57.990 INFO [main] org.apache.catalina.startup.VersionLoggerListener.log Command line argument: --add-opens=java.base/java.util=ALL-UNNAMED
12-Mar-2024 20:04:57.990 INFO [main] org.apache.catalina.startup.VersionLoggerListener.log Command line argument: --add-opens=java.base/java.util.concurrent=ALL-UNNAMED
12-Mar-2024 20:04:57.990 INFO [main] org.apache.catalina.startup.VersionLoggerListener.log Command line argument: --add-opens=java.rmi/sun.rmi.transport=ALL-UNNAMED
12-Mar-2024 20:04:57.991 INFO [main] org.apache.catalina.startup.VersionLoggerListener.log Command line argument: -Dcatalina.base=C:\dev\dbProject\apache-tomcat
12-Mar-2024 20:04:57.991 INFO [main] org.apache.catalina.startup.VersionLoggerListener.log Command line argument: -Dcatalina.home=C:\dev\dbProject\apache-tomcat
12-Mar-2024 20:04:57.991 INFO [main] org.apache.catalina.startup.VersionLoggerListener.log Command line argument: -Djava.io.tmpdir=C:\dev\dbProject\apache-tomcat\temp
12-Mar-2024 20:04:58.015 INFO [main] org.apache.catalina.core.AprLifecycleListener.lifecycleEvent Loaded Apache Tomcat Native library [2.0.7] using APR version [1.7.4].
12-Mar-2024 20:04:58.038 INFO [main] org.apache.catalina.core.AprLifecycleListener.initializeSSL OpenSSL successfully initialized [OpenSSL 3.0.13 30 Jan 2024]
12-Mar-2024 20:04:58.218 INFO [main] org.apache.coyote.AbstractProtocol.init Initializing ProtocolHandler ["http-nio-8080"]
12-Mar-2024 20:04:58.237 INFO [main] org.apache.catalina.startup.Catalina.load Server initialization in [406] milliseconds
12-Mar-2024 20:04:58.273 INFO [main] org.apache.catalina.core.StandardService.startInternal Starting service [Catalina]
12-Mar-2024 20:04:58.274 INFO [main] org.apache.catalina.core.StandardEngine.startInternal Starting Servlet engine: [Apache Tomcat/10.1.19]
12-Mar-2024 20:04:58.282 INFO [main] org.apache.catalina.startup.HostConfig.deployDirectory Deploying web application directory [C:\dev\dbProject\apache-tomcat\webapps\DBProject]
12-Mar-2024 20:04:58.557 INFO [main] org.apache.jasper.servlet.TldScanner.scanJars At least one JAR was scanned for TLDs yet contained no TLDs. Enable debug logging for this logger for a complete list of JARs that were scanned but no TLDs were found in them. Skipping unneeded JARs during scanning can improve startup time and JSP compilation time.
12-Mar-2024 20:04:58.625 INFO [main] org.apache.catalina.startup.HostConfig.deployDirectory Deployment of web application directory [C:\dev\dbProject\apache-tomcat\webapps\DBProject] has finished in [342] ms
12-Mar-2024 20:04:58.625 INFO [main] org.apache.catalina.startup.HostConfig.deployDirectory Deploying web application directory [C:\dev\dbProject\apache-tomcat\webapps\docs]
12-Mar-2024 20:04:58.650 INFO [main] org.apache.catalina.startup.HostConfig.deployDirectory Deployment of web application directory [C:\dev\dbProject\apache-tomcat\webapps\docs] has finished in [25] ms
12-Mar-2024 20:04:58.650 INFO [main] org.apache.catalina.startup.HostConfig.deployDirectory Deploying web application directory [C:\dev\dbProject\apache-tomcat\webapps\examples]
12-Mar-2024 20:04:59.102 INFO [main] org.apache.catalina.startup.HostConfig.deployDirectory Deployment of web application directory [C:\dev\dbProject\apache-tomcat\webapps\examples] has finished in [452] ms
12-Mar-2024 20:04:59.103 INFO [main] org.apache.catalina.startup.HostConfig.deployDirectory Deploying web application directory [C:\dev\dbProject\apache-tomcat\webapps\host-manager]
12-Mar-2024 20:04:59.131 INFO [main] org.apache.catalina.startup.HostConfig.deployDirectory Deployment of web application directory [C:\dev\dbProject\apache-tomcat\webapps\host-manager] has finished in [28] ms
12-Mar-2024 20:04:59.132 INFO [main] org.apache.catalina.startup.HostConfig.deployDirectory Deploying web application directory [C:\dev\dbProject\apache-tomcat\webapps\manager]
12-Mar-2024 20:04:59.156 INFO [main] org.apache.catalina.startup.HostConfig.deployDirectory Deployment of web application directory [C:\dev\dbProject\apache-tomcat\webapps\manager] has finished in [23] ms
12-Mar-2024 20:04:59.156 INFO [main] org.apache.catalina.startup.HostConfig.deployDirectory Deploying web application directory [C:\dev\dbProject\apache-tomcat\webapps\ROOT]
12-Mar-2024 20:04:59.173 INFO [main] org.apache.catalina.startup.HostConfig.deployDirectory Deployment of web application directory [C:\dev\dbProject\apache-tomcat\webapps\ROOT] has finished in [17] ms
12-Mar-2024 20:04:59.178 INFO [main] org.apache.coyote.AbstractProtocol.start Starting ProtocolHandler ["http-nio-8080"]
12-Mar-2024 20:04:59.202 INFO [main] org.apache.catalina.startup.Catalina.start Server startup in [963] milliseconds
12-Mar-2024 20:20:16.040 INFO [main] org.apache.catalina.startup.VersionLoggerListener.log Server version name:   Apache Tomcat/10.1.19
12-Mar-2024 20:20:16.043 INFO [main] org.apache.catalina.startup.VersionLoggerListener.log Server built:          Feb 14 2024 19:36:50 UTC
12-Mar-2024 20:20:16.043 INFO [main] org.apache.catalina.startup.VersionLoggerListener.log Server version number: 10.1.19.0
12-Mar-2024 20:20:16.043 INFO [main] org.apache.catalina.startup.VersionLoggerListener.log OS Name:               Windows 11
12-Mar-2024 20:20:16.043 INFO [main] org.apache.catalina.startup.VersionLoggerListener.log OS Version:            10.0
12-Mar-2024 20:20:16.044 INFO [main] org.apache.catalina.startup.VersionLoggerListener.log Architecture:          amd64
12-Mar-2024 20:20:16.044 INFO [main] org.apache.catalina.startup.VersionLoggerListener.log Java Home:             C:\Program Files\Java\jdk-17
12-Mar-2024 20:20:16.044 INFO [main] org.apache.catalina.startup.VersionLoggerListener.log JVM Version:           17.0.10+11-LTS-240
12-Mar-2024 20:20:16.044 INFO [main] org.apache.catalina.startup.VersionLoggerListener.log JVM Vendor:            Oracle Corporation
12-Mar-2024 20:20:16.044 INFO [main] org.apache.catalina.startup.VersionLoggerListener.log CATALINA_BASE:         C:\dev\dbProject\apache-tomcat
12-Mar-2024 20:20:16.044 INFO [main] org.apache.catalina.startup.VersionLoggerListener.log CATALINA_HOME:         C:\dev\dbProject\apache-tomcat
12-Mar-2024 20:20:16.052 INFO [main] org.apache.catalina.startup.VersionLoggerListener.log Command line argument: -Djava.util.logging.config.file=C:\dev\dbProject\apache-tomcat\conf\logging.properties
12-Mar-2024 20:20:16.053 INFO [main] org.apache.catalina.startup.VersionLoggerListener.log Command line argument: -Djava.util.logging.manager=org.apache.juli.ClassLoaderLogManager
12-Mar-2024 20:20:16.053 INFO [main] org.apache.catalina.startup.VersionLoggerListener.log Command line argument: -Djdk.tls.ephemeralDHKeySize=2048
12-Mar-2024 20:20:16.053 INFO [main] org.apache.catalina.startup.VersionLoggerListener.log Command line argument: -Djava.protocol.handler.pkgs=org.apache.catalina.webresources
12-Mar-2024 20:20:16.053 INFO [main] org.apache.catalina.startup.VersionLoggerListener.log Command line argument: --add-opens=java.base/java.lang=ALL-UNNAMED
12-Mar-2024 20:20:16.053 INFO [main] org.apache.catalina.startup.VersionLoggerListener.log Command line argument: --add-opens=java.base/java.io=ALL-UNNAMED
12-Mar-2024 20:20:16.053 INFO [main] org.apache.catalina.startup.VersionLoggerListener.log Command line argument: --add-opens=java.base/java.util=ALL-UNNAMED
12-Mar-2024 20:20:16.054 INFO [main] org.apache.catalina.startup.VersionLoggerListener.log Command line argument: --add-opens=java.base/java.util.concurrent=ALL-UNNAMED
12-Mar-2024 20:20:16.054 INFO [main] org.apache.catalina.startup.VersionLoggerListener.log Command line argument: --add-opens=java.rmi/sun.rmi.transport=ALL-UNNAMED
12-Mar-2024 20:20:16.054 INFO [main] org.apache.catalina.startup.VersionLoggerListener.log Command line argument: -Dcatalina.base=C:\dev\dbProject\apache-tomcat
12-Mar-2024 20:20:16.054 INFO [main] org.apache.catalina.startup.VersionLoggerListener.log Command line argument: -Dcatalina.home=C:\dev\dbProject\apache-tomcat
12-Mar-2024 20:20:16.054 INFO [main] org.apache.catalina.startup.VersionLoggerListener.log Command line argument: -Djava.io.tmpdir=C:\dev\dbProject\apache-tomcat\temp
12-Mar-2024 20:20:16.056 INFO [main] org.apache.catalina.core.AprLifecycleListener.lifecycleEvent Loaded Apache Tomcat Native library [2.0.7] using APR version [1.7.4].
12-Mar-2024 20:20:16.060 INFO [main] org.apache.catalina.core.AprLifecycleListener.initializeSSL OpenSSL successfully initialized [OpenSSL 3.0.13 30 Jan 2024]
12-Mar-2024 20:20:16.247 INFO [main] org.apache.coyote.AbstractProtocol.init Initializing ProtocolHandler ["http-nio-8080"]
12-Mar-2024 20:20:16.266 INFO [main] org.apache.catalina.startup.Catalina.load Server initialization in [361] milliseconds
12-Mar-2024 20:20:16.309 INFO [main] org.apache.catalina.core.StandardService.startInternal Starting service [Catalina]
12-Mar-2024 20:20:16.310 INFO [main] org.apache.catalina.core.StandardEngine.startInternal Starting Servlet engine: [Apache Tomcat/10.1.19]
12-Mar-2024 20:20:16.319 INFO [main] org.apache.catalina.startup.HostConfig.deployDirectory Deploying web application directory [C:\dev\dbProject\apache-tomcat\webapps\DBProject]
12-Mar-2024 20:20:16.580 INFO [main] org.apache.jasper.servlet.TldScanner.scanJars At least one JAR was scanned for TLDs yet contained no TLDs. Enable debug logging for this logger for a complete list of JARs that were scanned but no TLDs were found in them. Skipping unneeded JARs during scanning can improve startup time and JSP compilation time.
12-Mar-2024 20:20:16.628 INFO [main] org.apache.catalina.startup.HostConfig.deployDirectory Deployment of web application directory [C:\dev\dbProject\apache-tomcat\webapps\DBProject] has finished in [309] ms
12-Mar-2024 20:20:16.629 INFO [main] org.apache.catalina.startup.HostConfig.deployDirectory Deploying web application directory [C:\dev\dbProject\apache-tomcat\webapps\docs]
12-Mar-2024 20:20:16.653 INFO [main] org.apache.catalina.startup.HostConfig.deployDirectory Deployment of web application directory [C:\dev\dbProject\apache-tomcat\webapps\docs] has finished in [24] ms
12-Mar-2024 20:20:16.654 INFO [main] org.apache.catalina.startup.HostConfig.deployDirectory Deploying web application directory [C:\dev\dbProject\apache-tomcat\webapps\examples]
12-Mar-2024 20:20:16.918 INFO [main] org.apache.catalina.startup.HostConfig.deployDirectory Deployment of web application directory [C:\dev\dbProject\apache-tomcat\webapps\examples] has finished in [264] ms
12-Mar-2024 20:20:16.919 INFO [main] org.apache.catalina.startup.HostConfig.deployDirectory Deploying web application directory [C:\dev\dbProject\apache-tomcat\webapps\host-manager]
12-Mar-2024 20:20:16.947 INFO [main] org.apache.catalina.startup.HostConfig.deployDirectory Deployment of web application directory [C:\dev\dbProject\apache-tomcat\webapps\host-manager] has finished in [28] ms
12-Mar-2024 20:20:16.947 INFO [main] org.apache.catalina.startup.HostConfig.deployDirectory Deploying web application directory [C:\dev\dbProject\apache-tomcat\webapps\manager]
12-Mar-2024 20:20:16.973 INFO [main] org.apache.catalina.startup.HostConfig.deployDirectory Deployment of web application directory [C:\dev\dbProject\apache-tomcat\webapps\manager] has finished in [25] ms
12-Mar-2024 20:20:16.973 INFO [main] org.apache.catalina.startup.HostConfig.deployDirectory Deploying web application directory [C:\dev\dbProject\apache-tomcat\webapps\ROOT]
12-Mar-2024 20:20:16.991 INFO [main] org.apache.catalina.startup.HostConfig.deployDirectory Deployment of web application directory [C:\dev\dbProject\apache-tomcat\webapps\ROOT] has finished in [17] ms
12-Mar-2024 20:20:16.994 INFO [main] org.apache.coyote.AbstractProtocol.start Starting ProtocolHandler ["http-nio-8080"]
12-Mar-2024 20:20:17.015 INFO [main] org.apache.catalina.startup.Catalina.start Server startup in [748] milliseconds
12-Mar-2024 23:25:16.228 INFO [main] org.apache.catalina.startup.VersionLoggerListener.log Server version name:   Apache Tomcat/10.1.19
12-Mar-2024 23:25:16.231 INFO [main] org.apache.catalina.startup.VersionLoggerListener.log Server built:          Feb 14 2024 19:36:50 UTC
12-Mar-2024 23:25:16.231 INFO [main] org.apache.catalina.startup.VersionLoggerListener.log Server version number: 10.1.19.0
12-Mar-2024 23:25:16.231 INFO [main] org.apache.catalina.startup.VersionLoggerListener.log OS Name:               Windows 11
12-Mar-2024 23:25:16.232 INFO [main] org.apache.catalina.startup.VersionLoggerListener.log OS Version:            10.0
12-Mar-2024 23:25:16.232 INFO [main] org.apache.catalina.startup.VersionLoggerListener.log Architecture:          amd64
12-Mar-2024 23:25:16.232 INFO [main] org.apache.catalina.startup.VersionLoggerListener.log Java Home:             C:\Program Files\Java\jdk-17
12-Mar-2024 23:25:16.232 INFO [main] org.apache.catalina.startup.VersionLoggerListener.log JVM Version:           17.0.10+11-LTS-240
12-Mar-2024 23:25:16.232 INFO [main] org.apache.catalina.startup.VersionLoggerListener.log JVM Vendor:            Oracle Corporation
12-Mar-2024 23:25:16.233 INFO [main] org.apache.catalina.startup.VersionLoggerListener.log CATALINA_BASE:         C:\dev\dbProject\apache-tomcat
12-Mar-2024 23:25:16.233 INFO [main] org.apache.catalina.startup.VersionLoggerListener.log CATALINA_HOME:         C:\dev\dbProject\apache-tomcat
12-Mar-2024 23:25:16.242 INFO [main] org.apache.catalina.startup.VersionLoggerListener.log Command line argument: -Djava.util.logging.config.file=C:\dev\dbProject\apache-tomcat\conf\logging.properties
12-Mar-2024 23:25:16.242 INFO [main] org.apache.catalina.startup.VersionLoggerListener.log Command line argument: -Djava.util.logging.manager=org.apache.juli.ClassLoaderLogManager
12-Mar-2024 23:25:16.242 INFO [main] org.apache.catalina.startup.VersionLoggerListener.log Command line argument: -Djdk.tls.ephemeralDHKeySize=2048
12-Mar-2024 23:25:16.242 INFO [main] org.apache.catalina.startup.VersionLoggerListener.log Command line argument: -Djava.protocol.handler.pkgs=org.apache.catalina.webresources
12-Mar-2024 23:25:16.242 INFO [main] org.apache.catalina.startup.VersionLoggerListener.log Command line argument: --add-opens=java.base/java.lang=ALL-UNNAMED
12-Mar-2024 23:25:16.243 INFO [main] org.apache.catalina.startup.VersionLoggerListener.log Command line argument: --add-opens=java.base/java.io=ALL-UNNAMED
12-Mar-2024 23:25:16.243 INFO [main] org.apache.catalina.startup.VersionLoggerListener.log Command line argument: --add-opens=java.base/java.util=ALL-UNNAMED
12-Mar-2024 23:25:16.243 INFO [main] org.apache.catalina.startup.VersionLoggerListener.log Command line argument: --add-opens=java.base/java.util.concurrent=ALL-UNNAMED
12-Mar-2024 23:25:16.243 INFO [main] org.apache.catalina.startup.VersionLoggerListener.log Command line argument: --add-opens=java.rmi/sun.rmi.transport=ALL-UNNAMED
12-Mar-2024 23:25:16.244 INFO [main] org.apache.catalina.startup.VersionLoggerListener.log Command line argument: -Dcatalina.base=C:\dev\dbProject\apache-tomcat
12-Mar-2024 23:25:16.244 INFO [main] org.apache.catalina.startup.VersionLoggerListener.log Command line argument: -Dcatalina.home=C:\dev\dbProject\apache-tomcat
12-Mar-2024 23:25:16.244 INFO [main] org.apache.catalina.startup.VersionLoggerListener.log Command line argument: -Djava.io.tmpdir=C:\dev\dbProject\apache-tomcat\temp
12-Mar-2024 23:25:16.269 INFO [main] org.apache.catalina.core.AprLifecycleListener.lifecycleEvent Loaded Apache Tomcat Native library [2.0.7] using APR version [1.7.4].
12-Mar-2024 23:25:16.292 INFO [main] org.apache.catalina.core.AprLifecycleListener.initializeSSL OpenSSL successfully initialized [OpenSSL 3.0.13 30 Jan 2024]
12-Mar-2024 23:25:16.471 INFO [main] org.apache.coyote.AbstractProtocol.init Initializing ProtocolHandler ["http-nio-8080"]
12-Mar-2024 23:25:16.492 INFO [main] org.apache.catalina.startup.Catalina.load Server initialization in [409] milliseconds
12-Mar-2024 23:25:16.531 INFO [main] org.apache.catalina.core.StandardService.startInternal Starting service [Catalina]
12-Mar-2024 23:25:16.532 INFO [main] org.apache.catalina.core.StandardEngine.startInternal Starting Servlet engine: [Apache Tomcat/10.1.19]
12-Mar-2024 23:25:16.541 INFO [main] org.apache.catalina.startup.HostConfig.deployDirectory Deploying web application directory [C:\dev\dbProject\apache-tomcat\webapps\DBProject]
12-Mar-2024 23:25:16.897 INFO [main] org.apache.jasper.servlet.TldScanner.scanJars At least one JAR was scanned for TLDs yet contained no TLDs. Enable debug logging for this logger for a complete list of JARs that were scanned but no TLDs were found in them. Skipping unneeded JARs during scanning can improve startup time and JSP compilation time.
12-Mar-2024 23:25:16.946 INFO [main] org.apache.catalina.startup.HostConfig.deployDirectory Deployment of web application directory [C:\dev\dbProject\apache-tomcat\webapps\DBProject] has finished in [404] ms
12-Mar-2024 23:25:16.946 INFO [main] org.apache.catalina.startup.HostConfig.deployDirectory Deploying web application directory [C:\dev\dbProject\apache-tomcat\webapps\docs]
12-Mar-2024 23:25:16.971 INFO [main] org.apache.catalina.startup.HostConfig.deployDirectory Deployment of web application directory [C:\dev\dbProject\apache-tomcat\webapps\docs] has finished in [25] ms
12-Mar-2024 23:25:16.972 INFO [main] org.apache.catalina.startup.HostConfig.deployDirectory Deploying web application directory [C:\dev\dbProject\apache-tomcat\webapps\examples]
12-Mar-2024 23:25:17.412 INFO [main] org.apache.catalina.startup.HostConfig.deployDirectory Deployment of web application directory [C:\dev\dbProject\apache-tomcat\webapps\examples] has finished in [440] ms
12-Mar-2024 23:25:17.413 INFO [main] org.apache.catalina.startup.HostConfig.deployDirectory Deploying web application directory [C:\dev\dbProject\apache-tomcat\webapps\host-manager]
12-Mar-2024 23:25:17.441 INFO [main] org.apache.catalina.startup.HostConfig.deployDirectory Deployment of web application directory [C:\dev\dbProject\apache-tomcat\webapps\host-manager] has finished in [28] ms
12-Mar-2024 23:25:17.442 INFO [main] org.apache.catalina.startup.HostConfig.deployDirectory Deploying web application directory [C:\dev\dbProject\apache-tomcat\webapps\manager]
12-Mar-2024 23:25:17.468 INFO [main] org.apache.catalina.startup.HostConfig.deployDirectory Deployment of web application directory [C:\dev\dbProject\apache-tomcat\webapps\manager] has finished in [26] ms
12-Mar-2024 23:25:17.469 INFO [main] org.apache.catalina.startup.HostConfig.deployDirectory Deploying web application directory [C:\dev\dbProject\apache-tomcat\webapps\ROOT]
12-Mar-2024 23:25:17.487 INFO [main] org.apache.catalina.startup.HostConfig.deployDirectory Deployment of web application directory [C:\dev\dbProject\apache-tomcat\webapps\ROOT] has finished in [18] ms
12-Mar-2024 23:25:17.490 INFO [main] org.apache.coyote.AbstractProtocol.start Starting ProtocolHandler ["http-nio-8080"]
12-Mar-2024 23:25:17.512 INFO [main] org.apache.catalina.startup.Catalina.start Server startup in [1019] milliseconds
12-Mar-2024 23:27:18.996 INFO [main] org.apache.catalina.startup.VersionLoggerListener.log Server version name:   Apache Tomcat/10.1.19
12-Mar-2024 23:27:19.000 INFO [main] org.apache.catalina.startup.VersionLoggerListener.log Server built:          Feb 14 2024 19:36:50 UTC
12-Mar-2024 23:27:19.000 INFO [main] org.apache.catalina.startup.VersionLoggerListener.log Server version number: 10.1.19.0
12-Mar-2024 23:27:19.000 INFO [main] org.apache.catalina.startup.VersionLoggerListener.log OS Name:               Windows 11
12-Mar-2024 23:27:19.000 INFO [main] org.apache.catalina.startup.VersionLoggerListener.log OS Version:            10.0
12-Mar-2024 23:27:19.000 INFO [main] org.apache.catalina.startup.VersionLoggerListener.log Architecture:          amd64
12-Mar-2024 23:27:19.000 INFO [main] org.apache.catalina.startup.VersionLoggerListener.log Java Home:             C:\Program Files\Java\jdk-17
12-Mar-2024 23:27:19.001 INFO [main] org.apache.catalina.startup.VersionLoggerListener.log JVM Version:           17.0.10+11-LTS-240
12-Mar-2024 23:27:19.001 INFO [main] org.apache.catalina.startup.VersionLoggerListener.log JVM Vendor:            Oracle Corporation
12-Mar-2024 23:27:19.001 INFO [main] org.apache.catalina.startup.VersionLoggerListener.log CATALINA_BASE:         C:\dev\dbProject\apache-tomcat
12-Mar-2024 23:27:19.001 INFO [main] org.apache.catalina.startup.VersionLoggerListener.log CATALINA_HOME:         C:\dev\dbProject\apache-tomcat
12-Mar-2024 23:27:19.009 INFO [main] org.apache.catalina.startup.VersionLoggerListener.log Command line argument: -Djava.util.logging.config.file=C:\dev\dbProject\apache-tomcat\conf\logging.properties
12-Mar-2024 23:27:19.009 INFO [main] org.apache.catalina.startup.VersionLoggerListener.log Command line argument: -Djava.util.logging.manager=org.apache.juli.ClassLoaderLogManager
12-Mar-2024 23:27:19.009 INFO [main] org.apache.catalina.startup.VersionLoggerListener.log Command line argument: -Djdk.tls.ephemeralDHKeySize=2048
12-Mar-2024 23:27:19.010 INFO [main] org.apache.catalina.startup.VersionLoggerListener.log Command line argument: -Djava.protocol.handler.pkgs=org.apache.catalina.webresources
12-Mar-2024 23:27:19.010 INFO [main] org.apache.catalina.startup.VersionLoggerListener.log Command line argument: --add-opens=java.base/java.lang=ALL-UNNAMED
12-Mar-2024 23:27:19.010 INFO [main] org.apache.catalina.startup.VersionLoggerListener.log Command line argument: --add-opens=java.base/java.io=ALL-UNNAMED
12-Mar-2024 23:27:19.010 INFO [main] org.apache.catalina.startup.VersionLoggerListener.log Command line argument: --add-opens=java.base/java.util=ALL-UNNAMED
12-Mar-2024 23:27:19.010 INFO [main] org.apache.catalina.startup.VersionLoggerListener.log Command line argument: --add-opens=java.base/java.util.concurrent=ALL-UNNAMED
12-Mar-2024 23:27:19.010 INFO [main] org.apache.catalina.startup.VersionLoggerListener.log Command line argument: --add-opens=java.rmi/sun.rmi.transport=ALL-UNNAMED
12-Mar-2024 23:27:19.011 INFO [main] org.apache.catalina.startup.VersionLoggerListener.log Command line argument: -Dcatalina.base=C:\dev\dbProject\apache-tomcat
12-Mar-2024 23:27:19.011 INFO [main] org.apache.catalina.startup.VersionLoggerListener.log Command line argument: -Dcatalina.home=C:\dev\dbProject\apache-tomcat
12-Mar-2024 23:27:19.011 INFO [main] org.apache.catalina.startup.VersionLoggerListener.log Command line argument: -Djava.io.tmpdir=C:\dev\dbProject\apache-tomcat\temp
12-Mar-2024 23:27:19.013 INFO [main] org.apache.catalina.core.AprLifecycleListener.lifecycleEvent Loaded Apache Tomcat Native library [2.0.7] using APR version [1.7.4].
12-Mar-2024 23:27:19.017 INFO [main] org.apache.catalina.core.AprLifecycleListener.initializeSSL OpenSSL successfully initialized [OpenSSL 3.0.13 30 Jan 2024]
12-Mar-2024 23:27:19.207 INFO [main] org.apache.coyote.AbstractProtocol.init Initializing ProtocolHandler ["http-nio-8080"]
12-Mar-2024 23:27:19.226 INFO [main] org.apache.catalina.startup.Catalina.load Server initialization in [362] milliseconds
12-Mar-2024 23:27:19.264 INFO [main] org.apache.catalina.core.StandardService.startInternal Starting service [Catalina]
12-Mar-2024 23:27:19.265 INFO [main] org.apache.catalina.core.StandardEngine.startInternal Starting Servlet engine: [Apache Tomcat/10.1.19]
12-Mar-2024 23:27:19.273 INFO [main] org.apache.catalina.startup.HostConfig.deployDirectory Deploying web application directory [C:\dev\dbProject\apache-tomcat\webapps\DBProject]
12-Mar-2024 23:27:19.647 INFO [main] org.apache.jasper.servlet.TldScanner.scanJars At least one JAR was scanned for TLDs yet contained no TLDs. Enable debug logging for this logger for a complete list of JARs that were scanned but no TLDs were found in them. Skipping unneeded JARs during scanning can improve startup time and JSP compilation time.
12-Mar-2024 23:27:19.700 INFO [main] org.apache.catalina.startup.HostConfig.deployDirectory Deployment of web application directory [C:\dev\dbProject\apache-tomcat\webapps\DBProject] has finished in [427] ms
12-Mar-2024 23:27:19.701 INFO [main] org.apache.catalina.startup.HostConfig.deployDirectory Deploying web application directory [C:\dev\dbProject\apache-tomcat\webapps\docs]
12-Mar-2024 23:27:19.800 INFO [main] org.apache.jasper.servlet.TldScanner.scanJars At least one JAR was scanned for TLDs yet contained no TLDs. Enable debug logging for this logger for a complete list of JARs that were scanned but no TLDs were found in them. Skipping unneeded JARs during scanning can improve startup time and JSP compilation time.
12-Mar-2024 23:27:19.803 INFO [main] org.apache.catalina.startup.HostConfig.deployDirectory Deployment of web application directory [C:\dev\dbProject\apache-tomcat\webapps\docs] has finished in [102] ms
12-Mar-2024 23:27:19.804 INFO [main] org.apache.catalina.startup.HostConfig.deployDirectory Deploying web application directory [C:\dev\dbProject\apache-tomcat\webapps\examples]
12-Mar-2024 23:27:20.080 INFO [main] org.apache.jasper.servlet.TldScanner.scanJars At least one JAR was scanned for TLDs yet contained no TLDs. Enable debug logging for this logger for a complete list of JARs that were scanned but no TLDs were found in them. Skipping unneeded JARs during scanning can improve startup time and JSP compilation time.
12-Mar-2024 23:27:20.117 INFO [main] org.apache.catalina.startup.HostConfig.deployDirectory Deployment of web application directory [C:\dev\dbProject\apache-tomcat\webapps\examples] has finished in [314] ms
12-Mar-2024 23:27:20.117 INFO [main] org.apache.catalina.startup.HostConfig.deployDirectory Deploying web application directory [C:\dev\dbProject\apache-tomcat\webapps\host-manager]
12-Mar-2024 23:27:20.206 INFO [main] org.apache.jasper.servlet.TldScanner.scanJars At least one JAR was scanned for TLDs yet contained no TLDs. Enable debug logging for this logger for a complete list of JARs that were scanned but no TLDs were found in them. Skipping unneeded JARs during scanning can improve startup time and JSP compilation time.
12-Mar-2024 23:27:20.212 INFO [main] org.apache.catalina.startup.HostConfig.deployDirectory Deployment of web application directory [C:\dev\dbProject\apache-tomcat\webapps\host-manager] has finished in [95] ms
12-Mar-2024 23:27:20.213 INFO [main] org.apache.catalina.startup.HostConfig.deployDirectory Deploying web application directory [C:\dev\dbProject\apache-tomcat\webapps\manager]
12-Mar-2024 23:27:20.306 INFO [main] org.apache.jasper.servlet.TldScanner.scanJars At least one JAR was scanned for TLDs yet contained no TLDs. Enable debug logging for this logger for a complete list of JARs that were scanned but no TLDs were found in them. Skipping unneeded JARs during scanning can improve startup time and JSP compilation time.
12-Mar-2024 23:27:20.308 INFO [main] org.apache.catalina.startup.HostConfig.deployDirectory Deployment of web application directory [C:\dev\dbProject\apache-tomcat\webapps\manager] has finished in [95] ms
12-Mar-2024 23:27:20.309 INFO [main] org.apache.catalina.startup.HostConfig.deployDirectory Deploying web application directory [C:\dev\dbProject\apache-tomcat\webapps\ROOT]
12-Mar-2024 23:27:20.392 INFO [main] org.apache.jasper.servlet.TldScanner.scanJars At least one JAR was scanned for TLDs yet contained no TLDs. Enable debug logging for this logger for a complete list of JARs that were scanned but no TLDs were found in them. Skipping unneeded JARs during scanning can improve startup time and JSP compilation time.
12-Mar-2024 23:27:20.395 INFO [main] org.apache.catalina.startup.HostConfig.deployDirectory Deployment of web application directory [C:\dev\dbProject\apache-tomcat\webapps\ROOT] has finished in [87] ms
12-Mar-2024 23:27:20.399 INFO [main] org.apache.coyote.AbstractProtocol.start Starting ProtocolHandler ["http-nio-8080"]
12-Mar-2024 23:27:20.424 INFO [main] org.apache.catalina.startup.Catalina.start Server startup in [1197] milliseconds
