11-Mar-2024 15:44:31.654 INFO [main] org.apache.catalina.core.ApplicationContext.log ContextListener: contextInitialized()
11-Mar-2024 15:44:31.654 INFO [main] org.apache.catalina.core.ApplicationContext.log SessionListener: contextInitialized()
11-Mar-2024 15:44:31.656 INFO [main] org.apache.catalina.core.ApplicationContext.log ContextListener: attributeAdded('StockTicker', 'async.Stockticker@757d6814')
11-Mar-2024 15:47:56.189 INFO [main] org.apache.catalina.core.ApplicationContext.log ContextListener: contextInitialized()
11-Mar-2024 15:47:56.189 INFO [main] org.apache.catalina.core.ApplicationContext.log SessionListener: contextInitialized()
11-Mar-2024 15:47:56.191 INFO [main] org.apache.catalina.core.ApplicationContext.log ContextListener: attributeAdded('StockTicker', 'async.Stockticker@21005f6c')
11-Mar-2024 15:49:41.135 INFO [main] org.apache.catalina.core.ApplicationContext.log ContextListener: contextInitialized()
11-Mar-2024 15:49:41.136 INFO [main] org.apache.catalina.core.ApplicationContext.log SessionListener: contextInitialized()
11-Mar-2024 15:49:41.137 INFO [main] org.apache.catalina.core.ApplicationContext.log ContextListener: attributeAdded('StockTicker', 'async.Stockticker@19fe4644')
11-Mar-2024 15:49:41.229 INFO [main] org.apache.catalina.core.ApplicationContext.log SessionListener: contextDestroyed()
11-Mar-2024 15:49:41.229 INFO [main] org.apache.catalina.core.ApplicationContext.log ContextListener: contextDestroyed()
11-Mar-2024 15:50:02.112 INFO [main] org.apache.catalina.core.ApplicationContext.log ContextListener: contextInitialized()
11-Mar-2024 15:50:02.112 INFO [main] org.apache.catalina.core.ApplicationContext.log SessionListener: contextInitialized()
11-Mar-2024 15:50:02.114 INFO [main] org.apache.catalina.core.ApplicationContext.log ContextListener: attributeAdded('StockTicker', 'async.Stockticker@64beebb7')
11-Mar-2024 15:50:30.734 INFO [main] org.apache.catalina.core.ApplicationContext.log ContextListener: contextInitialized()
11-Mar-2024 15:50:30.734 INFO [main] org.apache.catalina.core.ApplicationContext.log SessionListener: contextInitialized()
11-Mar-2024 15:50:30.736 INFO [main] org.apache.catalina.core.ApplicationContext.log ContextListener: attributeAdded('StockTicker', 'async.Stockticker@32f0fba8')
11-Mar-2024 15:50:49.927 INFO [main] org.apache.catalina.core.ApplicationContext.log ContextListener: contextInitialized()
11-Mar-2024 15:50:49.927 INFO [main] org.apache.catalina.core.ApplicationContext.log SessionListener: contextInitialized()
11-Mar-2024 15:50:49.931 INFO [main] org.apache.catalina.core.ApplicationContext.log ContextListener: attributeAdded('StockTicker', 'async.Stockticker@32f0fba8')
11-Mar-2024 15:51:10.097 INFO [main] org.apache.catalina.core.ApplicationContext.log ContextListener: contextInitialized()
11-Mar-2024 15:51:10.097 INFO [main] org.apache.catalina.core.ApplicationContext.log SessionListener: contextInitialized()
11-Mar-2024 15:51:10.099 INFO [main] org.apache.catalina.core.ApplicationContext.log ContextListener: attributeAdded('StockTicker', 'async.Stockticker@7813cb11')
11-Mar-2024 15:52:15.411 INFO [main] org.apache.catalina.core.ApplicationContext.log ContextListener: contextInitialized()
11-Mar-2024 15:52:15.411 INFO [main] org.apache.catalina.core.ApplicationContext.log SessionListener: contextInitialized()
11-Mar-2024 15:52:15.413 INFO [main] org.apache.catalina.core.ApplicationContext.log ContextListener: attributeAdded('StockTicker', 'async.Stockticker@32f0fba8')
11-Mar-2024 22:00:51.186 INFO [main] org.apache.catalina.core.ApplicationContext.log ContextListener: contextInitialized()
11-Mar-2024 22:00:51.186 INFO [main] org.apache.catalina.core.ApplicationContext.log SessionListener: contextInitialized()
11-Mar-2024 22:00:51.187 INFO [main] org.apache.catalina.core.ApplicationContext.log ContextListener: attributeAdded('StockTicker', 'async.Stockticker@64beebb7')
11-Mar-2024 23:39:55.214 INFO [main] org.apache.catalina.core.ApplicationContext.log ContextListener: contextInitialized()
11-Mar-2024 23:39:55.214 INFO [main] org.apache.catalina.core.ApplicationContext.log SessionListener: contextInitialized()
11-Mar-2024 23:39:55.215 INFO [main] org.apache.catalina.core.ApplicationContext.log ContextListener: attributeAdded('StockTicker', 'async.Stockticker@26be6ca7')
11-Mar-2024 23:40:01.475 SEVERE [http-nio-8080-exec-3] org.apache.catalina.core.StandardWrapperValve.invoke Servlet.service() for servlet [servlet.HotelServlet] in context with path [/DBProject] threw exception
	java.lang.NullPointerException: Cannot invoke "String.hashCode()" because "action" is null
		at servlet.HotelServlet.doGet(HotelServlet.java:23)
		at jakarta.servlet.http.HttpServlet.service(HttpServlet.java:564)
		at jakarta.servlet.http.HttpServlet.service(HttpServlet.java:658)
		at org.apache.catalina.core.ApplicationFilterChain.internalDoFilter(ApplicationFilterChain.java:205)
		at org.apache.catalina.core.ApplicationFilterChain.doFilter(ApplicationFilterChain.java:149)
		at org.apache.tomcat.websocket.server.WsFilter.doFilter(WsFilter.java:51)
		at org.apache.catalina.core.ApplicationFilterChain.internalDoFilter(ApplicationFilterChain.java:174)
		at org.apache.catalina.core.ApplicationFilterChain.doFilter(ApplicationFilterChain.java:149)
		at org.apache.catalina.core.StandardWrapperValve.invoke(StandardWrapperValve.java:167)
		at org.apache.catalina.core.StandardContextValve.invoke(StandardContextValve.java:90)
		at org.apache.catalina.authenticator.AuthenticatorBase.invoke(AuthenticatorBase.java:482)
		at org.apache.catalina.core.StandardHostValve.invoke(StandardHostValve.java:115)
		at org.apache.catalina.valves.ErrorReportValve.invoke(ErrorReportValve.java:93)
		at org.apache.catalina.valves.AbstractAccessLogValve.invoke(AbstractAccessLogValve.java:673)
		at org.apache.catalina.core.StandardEngineValve.invoke(StandardEngineValve.java:74)
		at org.apache.catalina.connector.CoyoteAdapter.service(CoyoteAdapter.java:344)
		at org.apache.coyote.http11.Http11Processor.service(Http11Processor.java:391)
		at org.apache.coyote.AbstractProcessorLight.process(AbstractProcessorLight.java:63)
		at org.apache.coyote.AbstractProtocol$ConnectionHandler.process(AbstractProtocol.java:896)
		at org.apache.tomcat.util.net.NioEndpoint$SocketProcessor.doRun(NioEndpoint.java:1744)
		at org.apache.tomcat.util.net.SocketProcessorBase.run(SocketProcessorBase.java:52)
		at org.apache.tomcat.util.threads.ThreadPoolExecutor.runWorker(ThreadPoolExecutor.java:1191)
		at org.apache.tomcat.util.threads.ThreadPoolExecutor$Worker.run(ThreadPoolExecutor.java:659)
		at org.apache.tomcat.util.threads.TaskThread$WrappingRunnable.run(TaskThread.java:63)
		at java.base/java.lang.Thread.run(Thread.java:842)
11-Mar-2024 23:40:15.836 SEVERE [http-nio-8080-exec-5] org.apache.catalina.core.StandardWrapperValve.invoke Servlet.service() for servlet [servlet.HotelChainServlet] in context with path [/DBProject] threw exception
	java.lang.RuntimeException: Error connecting to the database
		at util.DBConnection.getConnection(DBConnection.java:18)
		at dao.HotelChainDAO.getAllHotelChains(HotelChainDAO.java:60)
		at servlet.HotelChainServlet.doGet(HotelChainServlet.java:23)
		at jakarta.servlet.http.HttpServlet.service(HttpServlet.java:564)
		at jakarta.servlet.http.HttpServlet.service(HttpServlet.java:658)
		at org.apache.catalina.core.ApplicationFilterChain.internalDoFilter(ApplicationFilterChain.java:205)
		at org.apache.catalina.core.ApplicationFilterChain.doFilter(ApplicationFilterChain.java:149)
		at org.apache.tomcat.websocket.server.WsFilter.doFilter(WsFilter.java:51)
		at org.apache.catalina.core.ApplicationFilterChain.internalDoFilter(ApplicationFilterChain.java:174)
		at org.apache.catalina.core.ApplicationFilterChain.doFilter(ApplicationFilterChain.java:149)
		at org.apache.catalina.core.StandardWrapperValve.invoke(StandardWrapperValve.java:167)
		at org.apache.catalina.core.StandardContextValve.invoke(StandardContextValve.java:90)
		at org.apache.catalina.authenticator.AuthenticatorBase.invoke(AuthenticatorBase.java:482)
		at org.apache.catalina.core.StandardHostValve.invoke(StandardHostValve.java:115)
		at org.apache.catalina.valves.ErrorReportValve.invoke(ErrorReportValve.java:93)
		at org.apache.catalina.valves.AbstractAccessLogValve.invoke(AbstractAccessLogValve.java:673)
		at org.apache.catalina.core.StandardEngineValve.invoke(StandardEngineValve.java:74)
		at org.apache.catalina.connector.CoyoteAdapter.service(CoyoteAdapter.java:344)
		at org.apache.coyote.http11.Http11Processor.service(Http11Processor.java:391)
		at org.apache.coyote.AbstractProcessorLight.process(AbstractProcessorLight.java:63)
		at org.apache.coyote.AbstractProtocol$ConnectionHandler.process(AbstractProtocol.java:896)
		at org.apache.tomcat.util.net.NioEndpoint$SocketProcessor.doRun(NioEndpoint.java:1744)
		at org.apache.tomcat.util.net.SocketProcessorBase.run(SocketProcessorBase.java:52)
		at org.apache.tomcat.util.threads.ThreadPoolExecutor.runWorker(ThreadPoolExecutor.java:1191)
		at org.apache.tomcat.util.threads.ThreadPoolExecutor$Worker.run(ThreadPoolExecutor.java:659)
		at org.apache.tomcat.util.threads.TaskThread$WrappingRunnable.run(TaskThread.java:63)
		at java.base/java.lang.Thread.run(Thread.java:842)
	Caused by: java.sql.SQLException: No suitable driver found for jdbc:postgresql://hostname:port/dbname
		at java.sql/java.sql.DriverManager.getConnection(DriverManager.java:706)
		at java.sql/java.sql.DriverManager.getConnection(DriverManager.java:229)
		at util.DBConnection.getConnection(DBConnection.java:16)
		... 26 more
